<?xml version="1.0" encoding="UTF-8"?>
<coverage generated="1760593462988" clover="3.2.0">
  <project timestamp="1760593462988" name="All files">
    <metrics statements="295" coveredstatements="201" conditionals="199" coveredconditionals="99" methods="55" coveredmethods="39" elements="549" coveredelements="339" complexity="0" loc="295" ncloc="295" packages="1" files="5" classes="5"/>
    <file name="analyzer.js" path="C:\workspace\Othello\src\analyzer.js">
      <metrics statements="82" coveredstatements="77" conditionals="28" coveredconditionals="24" methods="16" coveredmethods="16"/>
      <line num="1" count="2" type="stmt"/>
      <line num="2" count="2" type="stmt"/>
      <line num="13" count="19" type="stmt"/>
      <line num="21" count="3" type="stmt"/>
      <line num="23" count="3" type="stmt"/>
      <line num="25" count="3" type="cond" truecount="2" falsecount="0"/>
      <line num="26" count="1" type="stmt"/>
      <line num="30" count="2" type="stmt"/>
      <line num="31" count="2" type="stmt"/>
      <line num="34" count="2" type="stmt"/>
      <line num="35" count="2" type="stmt"/>
      <line num="38" count="2" type="stmt"/>
      <line num="46" count="2" type="stmt"/>
      <line num="47" count="2" type="stmt"/>
      <line num="49" count="2" type="stmt"/>
      <line num="67" count="0" type="stmt"/>
      <line num="68" count="0" type="stmt"/>
      <line num="77" count="6" type="stmt"/>
      <line num="79" count="6" type="stmt"/>
      <line num="81" count="6" type="stmt"/>
      <line num="82" count="10" type="stmt"/>
      <line num="85" count="5" type="stmt"/>
      <line num="86" count="10" type="stmt"/>
      <line num="87" count="10" type="stmt"/>
      <line num="88" count="10" type="stmt"/>
      <line num="89" count="10" type="stmt"/>
      <line num="91" count="1" type="stmt"/>
      <line num="92" count="1" type="stmt"/>
      <line num="96" count="5" type="stmt"/>
      <line num="99" count="10" type="stmt"/>
      <line num="101" count="1" type="stmt"/>
      <line num="102" count="1" type="stmt"/>
      <line num="112" count="7" type="stmt"/>
      <line num="114" count="7" type="stmt"/>
      <line num="115" count="17" type="cond" truecount="3" falsecount="1"/>
      <line num="116" count="0" type="stmt"/>
      <line num="119" count="17" type="stmt"/>
      <line num="120" count="14" type="cond" truecount="1" falsecount="1"/>
      <line num="121" count="16" type="stmt"/>
      <line num="126" count="7" type="stmt"/>
      <line num="135" count="7" type="stmt"/>
      <line num="137" count="7" type="stmt"/>
      <line num="138" count="15" type="cond" truecount="3" falsecount="1"/>
      <line num="139" count="0" type="stmt"/>
      <line num="142" count="15" type="stmt"/>
      <line num="144" count="13" type="cond" truecount="2" falsecount="0"/>
      <line num="145" count="4" type="stmt"/>
      <line num="146" count="9" type="cond" truecount="2" falsecount="0"/>
      <line num="148" count="5" type="stmt"/>
      <line num="153" count="7" type="stmt"/>
      <line num="163" count="5" type="stmt"/>
      <line num="170" count="5" type="stmt"/>
      <line num="171" count="9" type="stmt"/>
      <line num="172" count="9" type="cond" truecount="4" falsecount="0"/>
      <line num="173" count="5" type="stmt"/>
      <line num="178" count="0" type="stmt"/>
      <line num="192" count="5" type="stmt"/>
      <line num="193" count="5" type="stmt"/>
      <line num="195" count="5" type="cond" truecount="4" falsecount="0"/>
      <line num="196" count="1" type="stmt"/>
      <line num="199" count="4" type="cond" truecount="1" falsecount="1"/>
      <line num="200" count="4" type="cond" truecount="2" falsecount="0"/>
      <line num="202" count="4" type="stmt"/>
      <line num="204" count="4" type="stmt"/>
      <line num="214" count="4" type="stmt"/>
      <line num="217" count="4" type="stmt"/>
      <line num="218" count="4" type="stmt"/>
      <line num="219" count="5" type="stmt"/>
      <line num="222" count="4" type="stmt"/>
      <line num="232" count="3" type="stmt"/>
      <line num="235" count="3" type="stmt"/>
      <line num="236" count="3" type="stmt"/>
      <line num="237" count="5" type="stmt"/>
      <line num="240" count="3" type="stmt"/>
      <line num="251" count="3" type="stmt"/>
      <line num="252" count="3" type="stmt"/>
      <line num="254" count="3" type="stmt"/>
      <line num="265" count="3" type="stmt"/>
      <line num="266" count="3" type="stmt"/>
      <line num="268" count="3" type="stmt"/>
      <line num="276" count="2" type="stmt"/>
      <line num="296" count="2" type="stmt"/>
    </file>
    <file name="config.js" path="C:\workspace\Othello\src\config.js">
      <metrics statements="41" coveredstatements="32" conditionals="33" coveredconditionals="20" methods="11" coveredmethods="8"/>
      <line num="1" count="5" type="stmt"/>
      <line num="2" count="5" type="stmt"/>
      <line num="3" count="5" type="stmt"/>
      <line num="11" count="18" type="stmt"/>
      <line num="12" count="18" type="stmt"/>
      <line num="21" count="21" type="stmt"/>
      <line num="22" count="21" type="stmt"/>
      <line num="23" count="21" type="stmt"/>
      <line num="24" count="19" type="stmt"/>
      <line num="25" count="18" type="stmt"/>
      <line num="27" count="4" type="cond" truecount="2" falsecount="0"/>
      <line num="28" count="2" type="stmt"/>
      <line num="30" count="2" type="cond" truecount="2" falsecount="0"/>
      <line num="31" count="1" type="stmt"/>
      <line num="33" count="1" type="stmt"/>
      <line num="42" count="18" type="stmt"/>
      <line num="44" count="18" type="stmt"/>
      <line num="45" count="70" type="cond" truecount="2" falsecount="0"/>
      <line num="46" count="1" type="stmt"/>
      <line num="51" count="17" type="cond" truecount="1" falsecount="1"/>
      <line num="52" count="0" type="stmt"/>
      <line num="55" count="17" type="stmt"/>
      <line num="56" count="17" type="stmt"/>
      <line num="57" count="68" type="cond" truecount="1" falsecount="1"/>
      <line num="58" count="0" type="stmt"/>
      <line num="63" count="17" type="cond" truecount="2" falsecount="0"/>
      <line num="64" count="7" type="stmt"/>
      <line num="65" count="7" type="stmt"/>
      <line num="75" count="0" type="cond" truecount="0" falsecount="2"/>
      <line num="76" count="0" type="stmt"/>
      <line num="78" count="0" type="stmt"/>
      <line num="87" count="0" type="stmt"/>
      <line num="88" count="0" type="cond" truecount="0" falsecount="4"/>
      <line num="89" count="0" type="stmt"/>
      <line num="92" count="0" type="stmt"/>
      <line num="103" count="2" type="cond" truecount="1" falsecount="1"/>
      <line num="111" count="2" type="cond" truecount="2" falsecount="0"/>
      <line num="123" count="2" type="cond" truecount="2" falsecount="0"/>
      <line num="135" count="32" type="cond" truecount="2" falsecount="0"/>
      <line num="145" count="7" type="cond" truecount="2" falsecount="0"/>
      <line num="149" count="5" type="stmt"/>
    </file>
    <file name="instruction-generator.js" path="C:\workspace\Othello\src\instruction-generator.js">
      <metrics statements="67" coveredstatements="1" conditionals="67" coveredconditionals="0" methods="12" coveredmethods="0"/>
      <line num="8" count="0" type="stmt"/>
      <line num="9" count="0" type="stmt"/>
      <line num="19" count="0" type="stmt"/>
      <line num="22" count="0" type="cond" truecount="0" falsecount="4"/>
      <line num="23" count="0" type="stmt"/>
      <line num="24" count="0" type="stmt"/>
      <line num="28" count="0" type="cond" truecount="0" falsecount="4"/>
      <line num="29" count="0" type="stmt"/>
      <line num="30" count="0" type="stmt"/>
      <line num="34" count="0" type="stmt"/>
      <line num="36" count="0" type="stmt"/>
      <line num="43" count="0" type="stmt"/>
      <line num="52" count="0" type="stmt"/>
      <line num="53" count="0" type="stmt"/>
      <line num="55" count="0" type="stmt"/>
      <line num="56" count="0" type="stmt"/>
      <line num="57" count="0" type="stmt"/>
      <line num="65" count="0" type="stmt"/>
      <line num="74" count="0" type="stmt"/>
      <line num="75" count="0" type="stmt"/>
      <line num="77" count="0" type="stmt"/>
      <line num="78" count="0" type="stmt"/>
      <line num="79" count="0" type="stmt"/>
      <line num="87" count="0" type="stmt"/>
      <line num="100" count="0" type="cond" truecount="0" falsecount="2"/>
      <line num="101" count="0" type="stmt"/>
      <line num="103" count="0" type="cond" truecount="0" falsecount="6"/>
      <line num="104" count="0" type="stmt"/>
      <line num="107" count="0" type="cond" truecount="0" falsecount="5"/>
      <line num="108" count="0" type="stmt"/>
      <line num="110" count="0" type="stmt"/>
      <line num="111" count="0" type="cond" truecount="0" falsecount="2"/>
      <line num="112" count="0" type="stmt"/>
      <line num="114" count="0" type="cond" truecount="0" falsecount="8"/>
      <line num="117" count="0" type="stmt"/>
      <line num="120" count="0" type="cond" truecount="0" falsecount="6"/>
      <line num="122" count="0" type="stmt"/>
      <line num="124" count="0" type="stmt"/>
      <line num="127" count="0" type="stmt"/>
      <line num="136" count="0" type="cond" truecount="0" falsecount="2"/>
      <line num="146" count="0" type="stmt"/>
      <line num="156" count="0" type="stmt"/>
      <line num="162" count="0" type="stmt"/>
      <line num="163" count="0" type="cond" truecount="0" falsecount="4"/>
      <line num="164" count="0" type="stmt"/>
      <line num="166" count="0" type="cond" truecount="0" falsecount="4"/>
      <line num="167" count="0" type="stmt"/>
      <line num="169" count="0" type="cond" truecount="0" falsecount="4"/>
      <line num="170" count="0" type="stmt"/>
      <line num="173" count="0" type="stmt"/>
      <line num="182" count="0" type="stmt"/>
      <line num="187" count="0" type="stmt"/>
      <line num="188" count="0" type="cond" truecount="0" falsecount="4"/>
      <line num="189" count="0" type="stmt"/>
      <line num="191" count="0" type="cond" truecount="0" falsecount="6"/>
      <line num="193" count="0" type="stmt"/>
      <line num="195" count="0" type="cond" truecount="0" falsecount="4"/>
      <line num="196" count="0" type="stmt"/>
      <line num="199" count="0" type="stmt"/>
      <line num="208" count="0" type="stmt"/>
      <line num="209" count="0" type="stmt"/>
      <line num="210" count="0" type="stmt"/>
      <line num="222" count="0" type="stmt"/>
      <line num="224" count="0" type="cond" truecount="0" falsecount="2"/>
      <line num="226" count="0" type="stmt"/>
      <line num="234" count="0" type="stmt"/>
      <line num="238" count="2" type="stmt"/>
    </file>
    <file name="orchestrator.js" path="C:\workspace\Othello\src\orchestrator.js">
      <metrics statements="64" coveredstatements="59" conditionals="35" coveredconditionals="27" methods="5" coveredmethods="5"/>
      <line num="1" count="1" type="stmt"/>
      <line num="2" count="1" type="stmt"/>
      <line num="19" count="16" type="stmt"/>
      <line num="20" count="16" type="stmt"/>
      <line num="21" count="16" type="stmt"/>
      <line num="22" count="16" type="stmt"/>
      <line num="23" count="16" type="stmt"/>
      <line num="24" count="16" type="stmt"/>
      <line num="26" count="16" type="cond" truecount="2" falsecount="0"/>
      <line num="27" count="16" type="cond" truecount="2" falsecount="0"/>
      <line num="38" count="5" type="stmt"/>
      <line num="39" count="5" type="stmt"/>
      <line num="40" count="5" type="stmt"/>
      <line num="41" count="5" type="stmt"/>
      <line num="43" count="5" type="stmt"/>
      <line num="44" count="5" type="stmt"/>
      <line num="46" count="16" type="stmt"/>
      <line num="47" count="16" type="stmt"/>
      <line num="48" count="16" type="stmt"/>
      <line num="51" count="16" type="cond" truecount="4" falsecount="0"/>
      <line num="52" count="4" type="stmt"/>
      <line num="53" count="4" type="stmt"/>
      <line num="57" count="12" type="stmt"/>
      <line num="59" count="12" type="cond" truecount="1" falsecount="1"/>
      <line num="60" count="0" type="stmt"/>
      <line num="61" count="0" type="stmt"/>
      <line num="65" count="12" type="stmt"/>
      <line num="66" count="12" type="cond" truecount="4" falsecount="0"/>
      <line num="67" count="1" type="stmt"/>
      <line num="71" count="11" type="stmt"/>
      <line num="80" count="11" type="stmt"/>
      <line num="82" count="11" type="stmt"/>
      <line num="86" count="4" type="cond" truecount="1" falsecount="1"/>
      <line num="88" count="4" type="stmt"/>
      <line num="97" count="1" type="stmt"/>
      <line num="112" count="14" type="cond" truecount="0" falsecount="1"/>
      <line num="115" count="14" type="cond" truecount="4" falsecount="0"/>
      <line num="116" count="1" type="stmt"/>
      <line num="120" count="13" type="stmt"/>
      <line num="123" count="13" type="cond" truecount="2" falsecount="2"/>
      <line num="124" count="0" type="stmt"/>
      <line num="125" count="0" type="cond" truecount="0" falsecount="2"/>
      <line num="128" count="13" type="stmt"/>
      <line num="136" count="13" type="stmt"/>
      <line num="137" count="13" type="stmt"/>
      <line num="140" count="13" type="stmt"/>
      <line num="143" count="13" type="stmt"/>
      <line num="146" count="13" type="stmt"/>
      <line num="147" count="13" type="stmt"/>
      <line num="148" count="13" type="stmt"/>
      <line num="149" count="13" type="stmt"/>
      <line num="151" count="13" type="stmt"/>
      <line num="152" count="13" type="stmt"/>
      <line num="161" count="14" type="cond" truecount="1" falsecount="1"/>
      <line num="162" count="0" type="stmt"/>
      <line num="165" count="14" type="stmt"/>
      <line num="166" count="14" type="stmt"/>
      <line num="169" count="14" type="cond" truecount="2" falsecount="0"/>
      <line num="170" count="4" type="stmt"/>
      <line num="174" count="10" type="stmt"/>
      <line num="177" count="10" type="cond" truecount="4" falsecount="0"/>
      <line num="178" count="2" type="stmt"/>
      <line num="181" count="8" type="stmt"/>
      <line num="185" count="1" type="stmt"/>
    </file>
    <file name="result-collector.js" path="C:\workspace\Othello\src\result-collector.js">
      <metrics statements="41" coveredstatements="32" conditionals="36" coveredconditionals="28" methods="11" coveredmethods="10"/>
      <line num="6" count="2" type="stmt"/>
      <line num="7" count="2" type="stmt"/>
      <line num="8" count="2" type="stmt"/>
      <line num="12" count="12" type="stmt"/>
      <line num="22" count="2" type="stmt"/>
      <line num="28" count="2" type="stmt"/>
      <line num="38" count="2" type="stmt"/>
      <line num="41" count="2" type="stmt"/>
      <line num="52" count="7" type="stmt"/>
      <line num="54" count="7" type="cond" truecount="1" falsecount="1"/>
      <line num="56" count="7" type="cond" truecount="1" falsecount="1"/>
      <line num="58" count="0" type="cond" truecount="0" falsecount="2"/>
      <line num="59" count="0" type="stmt"/>
      <line num="61" count="0" type="stmt"/>
      <line num="65" count="7" type="stmt"/>
      <line num="66" count="9" type="stmt"/>
      <line num="77" count="7" type="cond" truecount="2" falsecount="0"/>
      <line num="79" count="1" type="stmt"/>
      <line num="82" count="6" type="stmt"/>
      <line num="91" count="6" type="stmt"/>
      <line num="105" count="6" type="stmt"/>
      <line num="108" count="6" type="stmt"/>
      <line num="116" count="1" type="stmt"/>
      <line num="131" count="1" type="stmt"/>
      <line num="139" count="0" type="stmt"/>
      <line num="140" count="0" type="stmt"/>
      <line num="141" count="0" type="stmt"/>
      <line num="149" count="6" type="stmt"/>
      <line num="150" count="6" type="cond" truecount="1" falsecount="1"/>
      <line num="151" count="6" type="stmt"/>
      <line num="160" count="14" type="cond" truecount="1" falsecount="1"/>
      <line num="161" count="0" type="stmt"/>
      <line num="165" count="14" type="stmt"/>
      <line num="168" count="14" type="cond" truecount="5" falsecount="0"/>
      <line num="169" count="2" type="stmt"/>
      <line num="172" count="14" type="stmt"/>
      <line num="180" count="12" type="stmt"/>
      <line num="181" count="12" type="stmt"/>
      <line num="184" count="0" type="cond" truecount="0" falsecount="2"/>
      <line num="185" count="0" type="stmt"/>
      <line num="191" count="2" type="stmt"/>
    </file>
  </project>
</coverage>
