{"C:\\workspace\\Othello\\src\\analyzer.js": {"path":"C:\\workspace\\Othello\\src\\analyzer.js","statementMap":{"0":{"start":{"line":1,"column":11},"end":{"line":1,"column":33}},"1":{"start":{"line":2,"column":13},"end":{"line":2,"column":28}},"2":{"start":{"line":13,"column":4},"end":{"line":13,"column":25}},"3":{"start":{"line":21,"column":4},"end":{"line":69,"column":5}},"4":{"start":{"line":23,"column":19},"end":{"line":23,"column":43}},"5":{"start":{"line":25,"column":6},"end":{"line":27,"column":7}},"6":{"start":{"line":26,"column":8},"end":{"line":26,"column":39}},"7":{"start":{"line":30,"column":27},"end":{"line":30,"column":57}},"8":{"start":{"line":31,"column":29},"end":{"line":31,"column":61}},"9":{"start":{"line":34,"column":34},"end":{"line":34,"column":63}},"10":{"start":{"line":35,"column":37},"end":{"line":35,"column":69}},"11":{"start":{"line":38,"column":33},"end":{"line":43,"column":7}},"12":{"start":{"line":46,"column":29},"end":{"line":46,"column":87}},"13":{"start":{"line":47,"column":32},"end":{"line":47,"column":98}},"14":{"start":{"line":49,"column":6},"end":{"line":65,"column":8}},"15":{"start":{"line":67,"column":6},"end":{"line":67,"column":46}},"16":{"start":{"line":68,"column":6},"end":{"line":68,"column":37}},"17":{"start":{"line":77,"column":20},"end":{"line":77,"column":47}},"18":{"start":{"line":79,"column":4},"end":{"line":103,"column":5}},"19":{"start":{"line":81,"column":20},"end":{"line":81,"column":45}},"20":{"start":{"line":82,"column":24},"end":{"line":82,"column":68}},"21":{"start":{"line":82,"column":45},"end":{"line":82,"column":67}},"22":{"start":{"line":85,"column":26},"end":{"line":94,"column":8}},"23":{"start":{"line":86,"column":8},"end":{"line":93,"column":9}},"24":{"start":{"line":87,"column":27},"end":{"line":87,"column":51}},"25":{"start":{"line":88,"column":26},"end":{"line":88,"column":61}},"26":{"start":{"line":89,"column":10},"end":{"line":89,"column":37}},"27":{"start":{"line":91,"column":10},"end":{"line":91,"column":74}},"28":{"start":{"line":92,"column":10},"end":{"line":92,"column":22}},"29":{"start":{"line":96,"column":19},"end":{"line":96,"column":49}},"30":{"start":{"line":99,"column":6},"end":{"line":99,"column":46}},"31":{"start":{"line":99,"column":32},"end":{"line":99,"column":44}},"32":{"start":{"line":101,"column":6},"end":{"line":101,"column":58}},"33":{"start":{"line":102,"column":6},"end":{"line":102,"column":16}},"34":{"start":{"line":112,"column":21},"end":{"line":112,"column":30}},"35":{"start":{"line":114,"column":4},"end":{"line":124,"column":5}},"36":{"start":{"line":115,"column":6},"end":{"line":117,"column":7}},"37":{"start":{"line":116,"column":8},"end":{"line":116,"column":17}},"38":{"start":{"line":119,"column":6},"end":{"line":123,"column":7}},"39":{"start":{"line":120,"column":8},"end":{"line":122,"column":9}},"40":{"start":{"line":121,"column":10},"end":{"line":121,"column":68}},"41":{"start":{"line":121,"column":49},"end":{"line":121,"column":66}},"42":{"start":{"line":126,"column":4},"end":{"line":126,"column":32}},"43":{"start":{"line":135,"column":24},"end":{"line":135,"column":33}},"44":{"start":{"line":137,"column":4},"end":{"line":151,"column":5}},"45":{"start":{"line":138,"column":6},"end":{"line":140,"column":7}},"46":{"start":{"line":139,"column":8},"end":{"line":139,"column":17}},"47":{"start":{"line":142,"column":6},"end":{"line":150,"column":7}},"48":{"start":{"line":144,"column":8},"end":{"line":149,"column":9}},"49":{"start":{"line":145,"column":10},"end":{"line":145,"column":46}},"50":{"start":{"line":146,"column":15},"end":{"line":149,"column":9}},"51":{"start":{"line":148,"column":10},"end":{"line":148,"column":72}},"52":{"start":{"line":153,"column":4},"end":{"line":153,"column":35}},"53":{"start":{"line":163,"column":21},"end":{"line":168,"column":5}},"54":{"start":{"line":170,"column":4},"end":{"line":175,"column":5}},"55":{"start":{"line":171,"column":20},"end":{"line":171,"column":43}},"56":{"start":{"line":172,"column":6},"end":{"line":174,"column":7}},"57":{"start":{"line":173,"column":8},"end":{"line":173,"column":24}},"58":{"start":{"line":178,"column":4},"end":{"line":178,"column":20}},"59":{"start":{"line":192,"column":23},"end":{"line":192,"column":26}},"60":{"start":{"line":193,"column":26},"end":{"line":193,"column":29}},"61":{"start":{"line":195,"column":4},"end":{"line":197,"column":5}},"62":{"start":{"line":196,"column":6},"end":{"line":196,"column":15}},"63":{"start":{"line":199,"column":25},"end":{"line":199,"column":79}},"64":{"start":{"line":200,"column":28},"end":{"line":200,"column":90}},"65":{"start":{"line":202,"column":29},"end":{"line":202,"column":92}},"66":{"start":{"line":204,"column":4},"end":{"line":204,"column":65}},"67":{"start":{"line":214,"column":27},"end":{"line":214,"column":76}},"68":{"start":{"line":217,"column":22},"end":{"line":217,"column":24}},"69":{"start":{"line":218,"column":4},"end":{"line":220,"column":5}},"70":{"start":{"line":218,"column":17},"end":{"line":218,"column":18}},"71":{"start":{"line":219,"column":6},"end":{"line":219,"column":42}},"72":{"start":{"line":222,"column":4},"end":{"line":222,"column":21}},"73":{"start":{"line":232,"column":27},"end":{"line":232,"column":78}},"74":{"start":{"line":235,"column":22},"end":{"line":235,"column":24}},"75":{"start":{"line":236,"column":4},"end":{"line":238,"column":5}},"76":{"start":{"line":236,"column":17},"end":{"line":236,"column":18}},"77":{"start":{"line":237,"column":6},"end":{"line":237,"column":41}},"78":{"start":{"line":240,"column":4},"end":{"line":240,"column":21}},"79":{"start":{"line":251,"column":25},"end":{"line":251,"column":55}},"80":{"start":{"line":252,"column":27},"end":{"line":252,"column":64}},"81":{"start":{"line":254,"column":4},"end":{"line":254,"column":57}},"82":{"start":{"line":265,"column":27},"end":{"line":265,"column":59}},"83":{"start":{"line":266,"column":27},"end":{"line":266,"column":66}},"84":{"start":{"line":268,"column":4},"end":{"line":268,"column":59}},"85":{"start":{"line":276,"column":4},"end":{"line":292,"column":6}},"86":{"start":{"line":296,"column":0},"end":{"line":296,"column":26}}},"fnMap":{"0":{"name":"(anonymous_0)","decl":{"start":{"line":12,"column":2},"end":{"line":12,"column":3}},"loc":{"start":{"line":12,"column":22},"end":{"line":14,"column":3}},"line":12},"1":{"name":"(anonymous_1)","decl":{"start":{"line":20,"column":2},"end":{"line":20,"column":3}},"loc":{"start":{"line":20,"column":18},"end":{"line":70,"column":3}},"line":20},"2":{"name":"(anonymous_2)","decl":{"start":{"line":76,"column":2},"end":{"line":76,"column":3}},"loc":{"start":{"line":76,"column":22},"end":{"line":104,"column":3}},"line":76},"3":{"name":"(anonymous_3)","decl":{"start":{"line":82,"column":37},"end":{"line":82,"column":38}},"loc":{"start":{"line":82,"column":45},"end":{"line":82,"column":67}},"line":82},"4":{"name":"(anonymous_4)","decl":{"start":{"line":85,"column":40},"end":{"line":85,"column":41}},"loc":{"start":{"line":85,"column":56},"end":{"line":94,"column":7}},"line":85},"5":{"name":"(anonymous_5)","decl":{"start":{"line":99,"column":25},"end":{"line":99,"column":26}},"loc":{"start":{"line":99,"column":32},"end":{"line":99,"column":44}},"line":99},"6":{"name":"(anonymous_6)","decl":{"start":{"line":111,"column":2},"end":{"line":111,"column":3}},"loc":{"start":{"line":111,"column":28},"end":{"line":127,"column":3}},"line":111},"7":{"name":"(anonymous_7)","decl":{"start":{"line":121,"column":42},"end":{"line":121,"column":43}},"loc":{"start":{"line":121,"column":49},"end":{"line":121,"column":66}},"line":121},"8":{"name":"(anonymous_8)","decl":{"start":{"line":134,"column":2},"end":{"line":134,"column":3}},"loc":{"start":{"line":134,"column":30},"end":{"line":154,"column":3}},"line":134},"9":{"name":"(anonymous_9)","decl":{"start":{"line":161,"column":2},"end":{"line":161,"column":3}},"loc":{"start":{"line":161,"column":35},"end":{"line":179,"column":3}},"line":161},"10":{"name":"(anonymous_10)","decl":{"start":{"line":189,"column":2},"end":{"line":189,"column":3}},"loc":{"start":{"line":189,"column":77},"end":{"line":205,"column":3}},"line":189},"11":{"name":"(anonymous_11)","decl":{"start":{"line":213,"column":2},"end":{"line":213,"column":3}},"loc":{"start":{"line":213,"column":51},"end":{"line":223,"column":3}},"line":213},"12":{"name":"(anonymous_12)","decl":{"start":{"line":231,"column":2},"end":{"line":231,"column":3}},"loc":{"start":{"line":231,"column":56},"end":{"line":241,"column":3}},"line":231},"13":{"name":"(anonymous_13)","decl":{"start":{"line":248,"column":2},"end":{"line":248,"column":3}},"loc":{"start":{"line":248,"column":27},"end":{"line":255,"column":3}},"line":248},"14":{"name":"(anonymous_14)","decl":{"start":{"line":262,"column":2},"end":{"line":262,"column":3}},"loc":{"start":{"line":262,"column":30},"end":{"line":269,"column":3}},"line":262},"15":{"name":"(anonymous_15)","decl":{"start":{"line":275,"column":2},"end":{"line":275,"column":3}},"loc":{"start":{"line":275,"column":21},"end":{"line":293,"column":3}},"line":275}},"branchMap":{"0":{"loc":{"start":{"line":25,"column":6},"end":{"line":27,"column":7}},"type":"if","locations":[{"start":{"line":25,"column":6},"end":{"line":27,"column":7}},{"start":{},"end":{}}],"line":25},"1":{"loc":{"start":{"line":115,"column":6},"end":{"line":117,"column":7}},"type":"if","locations":[{"start":{"line":115,"column":6},"end":{"line":117,"column":7}},{"start":{},"end":{}}],"line":115},"2":{"loc":{"start":{"line":115,"column":10},"end":{"line":115,"column":85}},"type":"binary-expr","locations":[{"start":{"line":115,"column":10},"end":{"line":115,"column":39}},{"start":{"line":115,"column":43},"end":{"line":115,"column":85}}],"line":115},"3":{"loc":{"start":{"line":120,"column":8},"end":{"line":122,"column":9}},"type":"if","locations":[{"start":{"line":120,"column":8},"end":{"line":122,"column":9}},{"start":{},"end":{}}],"line":120},"4":{"loc":{"start":{"line":138,"column":6},"end":{"line":140,"column":7}},"type":"if","locations":[{"start":{"line":138,"column":6},"end":{"line":140,"column":7}},{"start":{},"end":{}}],"line":138},"5":{"loc":{"start":{"line":138,"column":10},"end":{"line":138,"column":85}},"type":"binary-expr","locations":[{"start":{"line":138,"column":10},"end":{"line":138,"column":39}},{"start":{"line":138,"column":43},"end":{"line":138,"column":85}}],"line":138},"6":{"loc":{"start":{"line":144,"column":8},"end":{"line":149,"column":9}},"type":"if","locations":[{"start":{"line":144,"column":8},"end":{"line":149,"column":9}},{"start":{"line":146,"column":15},"end":{"line":149,"column":9}}],"line":144},"7":{"loc":{"start":{"line":146,"column":15},"end":{"line":149,"column":9}},"type":"if","locations":[{"start":{"line":146,"column":15},"end":{"line":149,"column":9}},{"start":{},"end":{}}],"line":146},"8":{"loc":{"start":{"line":172,"column":6},"end":{"line":174,"column":7}},"type":"if","locations":[{"start":{"line":172,"column":6},"end":{"line":174,"column":7}},{"start":{},"end":{}}],"line":172},"9":{"loc":{"start":{"line":172,"column":10},"end":{"line":172,"column":27}},"type":"binary-expr","locations":[{"start":{"line":172,"column":10},"end":{"line":172,"column":15}},{"start":{"line":172,"column":19},"end":{"line":172,"column":27}}],"line":172},"10":{"loc":{"start":{"line":195,"column":4},"end":{"line":197,"column":5}},"type":"if","locations":[{"start":{"line":195,"column":4},"end":{"line":197,"column":5}},{"start":{},"end":{}}],"line":195},"11":{"loc":{"start":{"line":195,"column":8},"end":{"line":195,"column":47}},"type":"binary-expr","locations":[{"start":{"line":195,"column":8},"end":{"line":195,"column":24}},{"start":{"line":195,"column":28},"end":{"line":195,"column":47}}],"line":195},"12":{"loc":{"start":{"line":199,"column":25},"end":{"line":199,"column":79}},"type":"cond-expr","locations":[{"start":{"line":199,"column":42},"end":{"line":199,"column":75}},{"start":{"line":199,"column":78},"end":{"line":199,"column":79}}],"line":199},"13":{"loc":{"start":{"line":200,"column":28},"end":{"line":200,"column":90}},"type":"cond-expr","locations":[{"start":{"line":200,"column":48},"end":{"line":200,"column":86}},{"start":{"line":200,"column":89},"end":{"line":200,"column":90}}],"line":200}},"s":{"0":2,"1":2,"2":19,"3":3,"4":3,"5":3,"6":1,"7":2,"8":2,"9":2,"10":2,"11":2,"12":2,"13":2,"14":2,"15":0,"16":0,"17":6,"18":6,"19":6,"20":5,"21":10,"22":5,"23":10,"24":10,"25":10,"26":10,"27":1,"28":1,"29":5,"30":5,"31":10,"32":1,"33":1,"34":7,"35":7,"36":17,"37":0,"38":17,"39":14,"40":14,"41":16,"42":7,"43":7,"44":7,"45":15,"46":0,"47":15,"48":13,"49":4,"50":9,"51":5,"52":7,"53":5,"54":5,"55":9,"56":9,"57":5,"58":0,"59":5,"60":5,"61":5,"62":1,"63":4,"64":4,"65":4,"66":4,"67":4,"68":4,"69":4,"70":4,"71":5,"72":4,"73":3,"74":3,"75":3,"76":3,"77":5,"78":3,"79":3,"80":3,"81":3,"82":3,"83":3,"84":3,"85":2,"86":2},"f":{"0":19,"1":3,"2":6,"3":10,"4":10,"5":10,"6":7,"7":16,"8":7,"9":5,"10":5,"11":4,"12":3,"13":3,"14":3,"15":2},"b":{"0":[1,2],"1":[0,17],"2":[17,17],"3":[14,0],"4":[0,15],"5":[15,15],"6":[4,9],"7":[5,4],"8":[5,4],"9":[9,5],"10":[1,4],"11":[5,1],"12":[4,0],"13":[3,1]},"_coverageSchema":"1a1c01bbd47fc00a2c39e90264f33305004495a9","hash":"ba3e6bc42f9cf1b83ed314e03249b09dfafd229a"}
,"C:\\workspace\\Othello\\src\\config.js": {"path":"C:\\workspace\\Othello\\src\\config.js","statementMap":{"0":{"start":{"line":1,"column":11},"end":{"line":1,"column":33}},"1":{"start":{"line":2,"column":13},"end":{"line":2,"column":28}},"2":{"start":{"line":3,"column":0},"end":{"line":3,"column":27}},"3":{"start":{"line":11,"column":4},"end":{"line":11,"column":29}},"4":{"start":{"line":12,"column":4},"end":{"line":12,"column":26}},"5":{"start":{"line":21,"column":4},"end":{"line":34,"column":5}},"6":{"start":{"line":22,"column":27},"end":{"line":22,"column":51}},"7":{"start":{"line":23,"column":26},"end":{"line":23,"column":65}},"8":{"start":{"line":24,"column":21},"end":{"line":24,"column":44}},"9":{"start":{"line":25,"column":6},"end":{"line":25,"column":39}},"10":{"start":{"line":27,"column":6},"end":{"line":29,"column":7}},"11":{"start":{"line":28,"column":8},"end":{"line":28,"column":57}},"12":{"start":{"line":30,"column":6},"end":{"line":32,"column":7}},"13":{"start":{"line":31,"column":8},"end":{"line":31,"column":64}},"14":{"start":{"line":33,"column":6},"end":{"line":33,"column":18}},"15":{"start":{"line":42,"column":21},"end":{"line":42,"column":86}},"16":{"start":{"line":44,"column":4},"end":{"line":48,"column":5}},"17":{"start":{"line":45,"column":6},"end":{"line":47,"column":7}},"18":{"start":{"line":46,"column":8},"end":{"line":46,"column":50}},"19":{"start":{"line":51,"column":4},"end":{"line":53,"column":5}},"20":{"start":{"line":52,"column":6},"end":{"line":52,"column":39}},"21":{"start":{"line":55,"column":26},"end":{"line":55,"column":77}},"22":{"start":{"line":56,"column":4},"end":{"line":60,"column":5}},"23":{"start":{"line":57,"column":6},"end":{"line":59,"column":7}},"24":{"start":{"line":58,"column":8},"end":{"line":58,"column":52}},"25":{"start":{"line":63,"column":4},"end":{"line":66,"column":5}},"26":{"start":{"line":64,"column":6},"end":{"line":64,"column":67}},"27":{"start":{"line":65,"column":6},"end":{"line":65,"column":40}},"28":{"start":{"line":75,"column":4},"end":{"line":77,"column":5}},"29":{"start":{"line":76,"column":6},"end":{"line":76,"column":23}},"30":{"start":{"line":78,"column":4},"end":{"line":78,"column":65}},"31":{"start":{"line":78,"column":48},"end":{"line":78,"column":63}},"32":{"start":{"line":87,"column":19},"end":{"line":87,"column":51}},"33":{"start":{"line":88,"column":4},"end":{"line":90,"column":5}},"34":{"start":{"line":89,"column":6},"end":{"line":89,"column":16}},"35":{"start":{"line":92,"column":4},"end":{"line":95,"column":6}},"36":{"start":{"line":103,"column":4},"end":{"line":103,"column":46}},"37":{"start":{"line":111,"column":4},"end":{"line":115,"column":6}},"38":{"start":{"line":123,"column":4},"end":{"line":126,"column":6}},"39":{"start":{"line":135,"column":4},"end":{"line":135,"column":50}},"40":{"start":{"line":145,"column":4},"end":{"line":145,"column":76}},"41":{"start":{"line":149,"column":0},"end":{"line":149,"column":31}}},"fnMap":{"0":{"name":"(anonymous_0)","decl":{"start":{"line":10,"column":2},"end":{"line":10,"column":3}},"loc":{"start":{"line":10,"column":26},"end":{"line":13,"column":3}},"line":10},"1":{"name":"(anonymous_1)","decl":{"start":{"line":20,"column":2},"end":{"line":20,"column":3}},"loc":{"start":{"line":20,"column":32},"end":{"line":35,"column":3}},"line":20},"2":{"name":"(anonymous_2)","decl":{"start":{"line":41,"column":2},"end":{"line":41,"column":3}},"loc":{"start":{"line":41,"column":19},"end":{"line":67,"column":3}},"line":41},"3":{"name":"(anonymous_3)","decl":{"start":{"line":74,"column":2},"end":{"line":74,"column":3}},"loc":{"start":{"line":74,"column":24},"end":{"line":79,"column":3}},"line":74},"4":{"name":"(anonymous_4)","decl":{"start":{"line":78,"column":43},"end":{"line":78,"column":44}},"loc":{"start":{"line":78,"column":48},"end":{"line":78,"column":63}},"line":78},"5":{"name":"(anonymous_5)","decl":{"start":{"line":86,"column":2},"end":{"line":86,"column":3}},"loc":{"start":{"line":86,"column":29},"end":{"line":96,"column":3}},"line":86},"6":{"name":"(anonymous_6)","decl":{"start":{"line":102,"column":2},"end":{"line":102,"column":3}},"loc":{"start":{"line":102,"column":31},"end":{"line":104,"column":3}},"line":102},"7":{"name":"(anonymous_7)","decl":{"start":{"line":110,"column":2},"end":{"line":110,"column":3}},"loc":{"start":{"line":110,"column":25},"end":{"line":116,"column":3}},"line":110},"8":{"name":"(anonymous_8)","decl":{"start":{"line":122,"column":2},"end":{"line":122,"column":3}},"loc":{"start":{"line":122,"column":25},"end":{"line":127,"column":3}},"line":122},"9":{"name":"(anonymous_9)","decl":{"start":{"line":134,"column":2},"end":{"line":134,"column":3}},"loc":{"start":{"line":134,"column":16},"end":{"line":136,"column":3}},"line":134},"10":{"name":"(anonymous_10)","decl":{"start":{"line":144,"column":2},"end":{"line":144,"column":3}},"loc":{"start":{"line":144,"column":32},"end":{"line":146,"column":3}},"line":144}},"branchMap":{"0":{"loc":{"start":{"line":27,"column":6},"end":{"line":29,"column":7}},"type":"if","locations":[{"start":{"line":27,"column":6},"end":{"line":29,"column":7}},{"start":{},"end":{}}],"line":27},"1":{"loc":{"start":{"line":30,"column":6},"end":{"line":32,"column":7}},"type":"if","locations":[{"start":{"line":30,"column":6},"end":{"line":32,"column":7}},{"start":{},"end":{}}],"line":30},"2":{"loc":{"start":{"line":45,"column":6},"end":{"line":47,"column":7}},"type":"if","locations":[{"start":{"line":45,"column":6},"end":{"line":47,"column":7}},{"start":{},"end":{}}],"line":45},"3":{"loc":{"start":{"line":51,"column":4},"end":{"line":53,"column":5}},"type":"if","locations":[{"start":{"line":51,"column":4},"end":{"line":53,"column":5}},{"start":{},"end":{}}],"line":51},"4":{"loc":{"start":{"line":57,"column":6},"end":{"line":59,"column":7}},"type":"if","locations":[{"start":{"line":57,"column":6},"end":{"line":59,"column":7}},{"start":{},"end":{}}],"line":57},"5":{"loc":{"start":{"line":63,"column":4},"end":{"line":66,"column":5}},"type":"if","locations":[{"start":{"line":63,"column":4},"end":{"line":66,"column":5}},{"start":{},"end":{}}],"line":63},"6":{"loc":{"start":{"line":75,"column":4},"end":{"line":77,"column":5}},"type":"if","locations":[{"start":{"line":75,"column":4},"end":{"line":77,"column":5}},{"start":{},"end":{}}],"line":75},"7":{"loc":{"start":{"line":88,"column":4},"end":{"line":90,"column":5}},"type":"if","locations":[{"start":{"line":88,"column":4},"end":{"line":90,"column":5}},{"start":{},"end":{}}],"line":88},"8":{"loc":{"start":{"line":88,"column":8},"end":{"line":88,"column":38}},"type":"binary-expr","locations":[{"start":{"line":88,"column":8},"end":{"line":88,"column":15}},{"start":{"line":88,"column":19},"end":{"line":88,"column":38}}],"line":88},"9":{"loc":{"start":{"line":93,"column":16},"end":{"line":93,"column":66}},"type":"binary-expr","locations":[{"start":{"line":93,"column":16},"end":{"line":93,"column":60}},{"start":{"line":93,"column":64},"end":{"line":93,"column":66}}],"line":93},"10":{"loc":{"start":{"line":94,"column":16},"end":{"line":94,"column":66}},"type":"binary-expr","locations":[{"start":{"line":94,"column":16},"end":{"line":94,"column":60}},{"start":{"line":94,"column":64},"end":{"line":94,"column":66}}],"line":94},"11":{"loc":{"start":{"line":103,"column":11},"end":{"line":103,"column":45}},"type":"binary-expr","locations":[{"start":{"line":103,"column":11},"end":{"line":103,"column":39}},{"start":{"line":103,"column":43},"end":{"line":103,"column":45}}],"line":103},"12":{"loc":{"start":{"line":111,"column":11},"end":{"line":115,"column":5}},"type":"binary-expr","locations":[{"start":{"line":111,"column":11},"end":{"line":111,"column":33}},{"start":{"line":111,"column":37},"end":{"line":115,"column":5}}],"line":111},"13":{"loc":{"start":{"line":123,"column":11},"end":{"line":126,"column":5}},"type":"binary-expr","locations":[{"start":{"line":123,"column":11},"end":{"line":123,"column":41}},{"start":{"line":123,"column":45},"end":{"line":126,"column":5}}],"line":123},"14":{"loc":{"start":{"line":135,"column":11},"end":{"line":135,"column":49}},"type":"binary-expr","locations":[{"start":{"line":135,"column":11},"end":{"line":135,"column":34}},{"start":{"line":135,"column":38},"end":{"line":135,"column":49}}],"line":135},"15":{"loc":{"start":{"line":144,"column":11},"end":{"line":144,"column":30}},"type":"default-arg","locations":[{"start":{"line":144,"column":26},"end":{"line":144,"column":30}}],"line":144},"16":{"loc":{"start":{"line":145,"column":11},"end":{"line":145,"column":75}},"type":"cond-expr","locations":[{"start":{"line":145,"column":44},"end":{"line":145,"column":60}},{"start":{"line":145,"column":63},"end":{"line":145,"column":75}}],"line":145}},"s":{"0":5,"1":5,"2":5,"3":18,"4":18,"5":21,"6":21,"7":21,"8":19,"9":18,"10":4,"11":2,"12":2,"13":1,"14":1,"15":18,"16":18,"17":70,"18":1,"19":17,"20":0,"21":17,"22":17,"23":68,"24":0,"25":17,"26":7,"27":7,"28":0,"29":0,"30":0,"31":0,"32":0,"33":0,"34":0,"35":0,"36":2,"37":2,"38":2,"39":32,"40":7,"41":5},"f":{"0":18,"1":21,"2":18,"3":0,"4":0,"5":0,"6":2,"7":2,"8":2,"9":32,"10":7},"b":{"0":[2,2],"1":[1,1],"2":[1,69],"3":[0,17],"4":[0,68],"5":[7,10],"6":[0,0],"7":[0,0],"8":[0,0],"9":[0,0],"10":[0,0],"11":[2,0],"12":[2,1],"13":[2,1],"14":[32,1],"15":[6],"16":[5,2]},"_coverageSchema":"1a1c01bbd47fc00a2c39e90264f33305004495a9","hash":"b32b82851f615ad4f7a46c88e1b9132ba9472812"}
,"C:\\workspace\\Othello\\src\\instruction-generator.js": {"path":"C:\\workspace\\Othello\\src\\instruction-generator.js","statementMap":{"0":{"start":{"line":8,"column":4},"end":{"line":8,"column":25}},"1":{"start":{"line":9,"column":4},"end":{"line":9,"column":36}},"2":{"start":{"line":19,"column":29},"end":{"line":19,"column":31}},"3":{"start":{"line":22,"column":4},"end":{"line":25,"column":5}},"4":{"start":{"line":23,"column":31},"end":{"line":23,"column":90}},"5":{"start":{"line":24,"column":6},"end":{"line":24,"column":49}},"6":{"start":{"line":28,"column":4},"end":{"line":31,"column":5}},"7":{"start":{"line":29,"column":34},"end":{"line":29,"column":99}},"8":{"start":{"line":30,"column":6},"end":{"line":30,"column":52}},"9":{"start":{"line":34,"column":31},"end":{"line":34,"column":68}},"10":{"start":{"line":36,"column":25},"end":{"line":40,"column":5}},"11":{"start":{"line":43,"column":4},"end":{"line":43,"column":55}},"12":{"start":{"line":52,"column":25},"end":{"line":52,"column":27}},"13":{"start":{"line":53,"column":18},"end":{"line":53,"column":78}},"14":{"start":{"line":55,"column":4},"end":{"line":63,"column":5}},"15":{"start":{"line":55,"column":17},"end":{"line":55,"column":18}},"16":{"start":{"line":56,"column":19},"end":{"line":56,"column":36}},"17":{"start":{"line":57,"column":6},"end":{"line":62,"column":9}},"18":{"start":{"line":65,"column":4},"end":{"line":65,"column":24}},"19":{"start":{"line":74,"column":25},"end":{"line":74,"column":27}},"20":{"start":{"line":75,"column":18},"end":{"line":75,"column":81}},"21":{"start":{"line":77,"column":4},"end":{"line":85,"column":5}},"22":{"start":{"line":77,"column":17},"end":{"line":77,"column":18}},"23":{"start":{"line":78,"column":22},"end":{"line":78,"column":42}},"24":{"start":{"line":79,"column":6},"end":{"line":84,"column":9}},"25":{"start":{"line":87,"column":4},"end":{"line":87,"column":24}},"26":{"start":{"line":100,"column":4},"end":{"line":125,"column":5}},"27":{"start":{"line":101,"column":18},"end":{"line":101,"column":40}},"28":{"start":{"line":103,"column":6},"end":{"line":105,"column":7}},"29":{"start":{"line":104,"column":8},"end":{"line":104,"column":22}},"30":{"start":{"line":107,"column":6},"end":{"line":109,"column":7}},"31":{"start":{"line":108,"column":8},"end":{"line":108,"column":21}},"32":{"start":{"line":110,"column":6},"end":{"line":110,"column":22}},"33":{"start":{"line":111,"column":11},"end":{"line":125,"column":5}},"34":{"start":{"line":112,"column":22},"end":{"line":112,"column":48}},"35":{"start":{"line":114,"column":6},"end":{"line":118,"column":7}},"36":{"start":{"line":117,"column":8},"end":{"line":117,"column":22}},"37":{"start":{"line":120,"column":6},"end":{"line":123,"column":7}},"38":{"start":{"line":122,"column":8},"end":{"line":122,"column":21}},"39":{"start":{"line":124,"column":6},"end":{"line":124,"column":22}},"40":{"start":{"line":127,"column":4},"end":{"line":127,"column":20}},"41":{"start":{"line":136,"column":4},"end":{"line":137,"column":45}},"42":{"start":{"line":146,"column":4},"end":{"line":147,"column":44}},"43":{"start":{"line":156,"column":23},"end":{"line":159,"column":5}},"44":{"start":{"line":162,"column":16},"end":{"line":162,"column":38}},"45":{"start":{"line":163,"column":4},"end":{"line":165,"column":5}},"46":{"start":{"line":164,"column":6},"end":{"line":164,"column":31}},"47":{"start":{"line":166,"column":4},"end":{"line":168,"column":5}},"48":{"start":{"line":167,"column":6},"end":{"line":167,"column":35}},"49":{"start":{"line":169,"column":4},"end":{"line":171,"column":5}},"50":{"start":{"line":170,"column":6},"end":{"line":170,"column":32}},"51":{"start":{"line":173,"column":4},"end":{"line":173,"column":22}},"52":{"start":{"line":182,"column":23},"end":{"line":185,"column":5}},"53":{"start":{"line":187,"column":20},"end":{"line":187,"column":49}},"54":{"start":{"line":188,"column":4},"end":{"line":190,"column":5}},"55":{"start":{"line":189,"column":6},"end":{"line":189,"column":35}},"56":{"start":{"line":191,"column":4},"end":{"line":194,"column":5}},"57":{"start":{"line":193,"column":6},"end":{"line":193,"column":32}},"58":{"start":{"line":195,"column":4},"end":{"line":197,"column":5}},"59":{"start":{"line":196,"column":6},"end":{"line":196,"column":33}},"60":{"start":{"line":199,"column":4},"end":{"line":199,"column":22}},"61":{"start":{"line":208,"column":27},"end":{"line":208,"column":57}},"62":{"start":{"line":209,"column":4},"end":{"line":211,"column":6}},"63":{"start":{"line":210,"column":6},"end":{"line":210,"column":61}},"64":{"start":{"line":222,"column":27},"end":{"line":222,"column":56}},"65":{"start":{"line":224,"column":4},"end":{"line":227,"column":5}},"66":{"start":{"line":226,"column":6},"end":{"line":226,"column":26}},"67":{"start":{"line":234,"column":4},"end":{"line":234,"column":24}},"68":{"start":{"line":238,"column":0},"end":{"line":238,"column":38}}},"fnMap":{"0":{"name":"(anonymous_0)","decl":{"start":{"line":7,"column":2},"end":{"line":7,"column":3}},"loc":{"start":{"line":7,"column":22},"end":{"line":10,"column":3}},"line":7},"1":{"name":"(anonymous_1)","decl":{"start":{"line":18,"column":2},"end":{"line":18,"column":3}},"loc":{"start":{"line":18,"column":42},"end":{"line":44,"column":3}},"line":18},"2":{"name":"(anonymous_2)","decl":{"start":{"line":51,"column":2},"end":{"line":51,"column":3}},"loc":{"start":{"line":51,"column":43},"end":{"line":66,"column":3}},"line":51},"3":{"name":"(anonymous_3)","decl":{"start":{"line":73,"column":2},"end":{"line":73,"column":3}},"loc":{"start":{"line":73,"column":49},"end":{"line":88,"column":3}},"line":73},"4":{"name":"(anonymous_4)","decl":{"start":{"line":96,"column":2},"end":{"line":96,"column":3}},"loc":{"start":{"line":96,"column":32},"end":{"line":128,"column":3}},"line":96},"5":{"name":"(anonymous_5)","decl":{"start":{"line":135,"column":2},"end":{"line":135,"column":3}},"loc":{"start":{"line":135,"column":29},"end":{"line":138,"column":3}},"line":135},"6":{"name":"(anonymous_6)","decl":{"start":{"line":145,"column":2},"end":{"line":145,"column":3}},"loc":{"start":{"line":145,"column":35},"end":{"line":148,"column":3}},"line":145},"7":{"name":"(anonymous_7)","decl":{"start":{"line":155,"column":2},"end":{"line":155,"column":3}},"loc":{"start":{"line":155,"column":33},"end":{"line":174,"column":3}},"line":155},"8":{"name":"(anonymous_8)","decl":{"start":{"line":181,"column":2},"end":{"line":181,"column":3}},"loc":{"start":{"line":181,"column":39},"end":{"line":200,"column":3}},"line":181},"9":{"name":"(anonymous_9)","decl":{"start":{"line":207,"column":2},"end":{"line":207,"column":3}},"loc":{"start":{"line":207,"column":31},"end":{"line":212,"column":3}},"line":207},"10":{"name":"(anonymous_10)","decl":{"start":{"line":209,"column":29},"end":{"line":209,"column":30}},"loc":{"start":{"line":210,"column":6},"end":{"line":210,"column":61}},"line":210},"11":{"name":"(anonymous_11)","decl":{"start":{"line":219,"column":2},"end":{"line":219,"column":3}},"loc":{"start":{"line":219,"column":41},"end":{"line":235,"column":3}},"line":219}},"branchMap":{"0":{"loc":{"start":{"line":22,"column":4},"end":{"line":25,"column":5}},"type":"if","locations":[{"start":{"line":22,"column":4},"end":{"line":25,"column":5}},{"start":{},"end":{}}],"line":22},"1":{"loc":{"start":{"line":22,"column":8},"end":{"line":22,"column":79}},"type":"binary-expr","locations":[{"start":{"line":22,"column":8},"end":{"line":22,"column":36}},{"start":{"line":22,"column":40},"end":{"line":22,"column":79}}],"line":22},"2":{"loc":{"start":{"line":28,"column":4},"end":{"line":31,"column":5}},"type":"if","locations":[{"start":{"line":28,"column":4},"end":{"line":31,"column":5}},{"start":{},"end":{}}],"line":28},"3":{"loc":{"start":{"line":28,"column":8},"end":{"line":28,"column":85}},"type":"binary-expr","locations":[{"start":{"line":28,"column":8},"end":{"line":28,"column":39}},{"start":{"line":28,"column":43},"end":{"line":28,"column":85}}],"line":28},"4":{"loc":{"start":{"line":100,"column":4},"end":{"line":125,"column":5}},"type":"if","locations":[{"start":{"line":100,"column":4},"end":{"line":125,"column":5}},{"start":{"line":111,"column":11},"end":{"line":125,"column":5}}],"line":100},"5":{"loc":{"start":{"line":103,"column":6},"end":{"line":105,"column":7}},"type":"if","locations":[{"start":{"line":103,"column":6},"end":{"line":105,"column":7}},{"start":{},"end":{}}],"line":103},"6":{"loc":{"start":{"line":103,"column":10},"end":{"line":103,"column":99}},"type":"binary-expr","locations":[{"start":{"line":103,"column":10},"end":{"line":103,"column":31}},{"start":{"line":103,"column":35},"end":{"line":103,"column":60}},{"start":{"line":103,"column":64},"end":{"line":103,"column":75}},{"start":{"line":103,"column":79},"end":{"line":103,"column":99}}],"line":103},"7":{"loc":{"start":{"line":107,"column":6},"end":{"line":109,"column":7}},"type":"if","locations":[{"start":{"line":107,"column":6},"end":{"line":109,"column":7}},{"start":{},"end":{}}],"line":107},"8":{"loc":{"start":{"line":107,"column":10},"end":{"line":107,"column":83}},"type":"binary-expr","locations":[{"start":{"line":107,"column":10},"end":{"line":107,"column":34}},{"start":{"line":107,"column":38},"end":{"line":107,"column":58}},{"start":{"line":107,"column":62},"end":{"line":107,"column":83}}],"line":107},"9":{"loc":{"start":{"line":111,"column":11},"end":{"line":125,"column":5}},"type":"if","locations":[{"start":{"line":111,"column":11},"end":{"line":125,"column":5}},{"start":{},"end":{}}],"line":111},"10":{"loc":{"start":{"line":114,"column":6},"end":{"line":118,"column":7}},"type":"if","locations":[{"start":{"line":114,"column":6},"end":{"line":118,"column":7}},{"start":{},"end":{}}],"line":114},"11":{"loc":{"start":{"line":114,"column":10},"end":{"line":116,"column":62}},"type":"binary-expr","locations":[{"start":{"line":114,"column":10},"end":{"line":114,"column":36}},{"start":{"line":114,"column":40},"end":{"line":114,"column":63}},{"start":{"line":115,"column":10},"end":{"line":115,"column":34}},{"start":{"line":115,"column":38},"end":{"line":115,"column":62}},{"start":{"line":116,"column":10},"end":{"line":116,"column":36}},{"start":{"line":116,"column":40},"end":{"line":116,"column":62}}],"line":114},"12":{"loc":{"start":{"line":120,"column":6},"end":{"line":123,"column":7}},"type":"if","locations":[{"start":{"line":120,"column":6},"end":{"line":123,"column":7}},{"start":{},"end":{}}],"line":120},"13":{"loc":{"start":{"line":120,"column":10},"end":{"line":121,"column":61}},"type":"binary-expr","locations":[{"start":{"line":120,"column":10},"end":{"line":120,"column":34}},{"start":{"line":120,"column":38},"end":{"line":120,"column":62}},{"start":{"line":121,"column":10},"end":{"line":121,"column":33}},{"start":{"line":121,"column":37},"end":{"line":121,"column":61}}],"line":120},"14":{"loc":{"start":{"line":136,"column":15},"end":{"line":136,"column":43}},"type":"binary-expr","locations":[{"start":{"line":136,"column":15},"end":{"line":136,"column":31}},{"start":{"line":136,"column":35},"end":{"line":136,"column":43}}],"line":136},"15":{"loc":{"start":{"line":163,"column":4},"end":{"line":165,"column":5}},"type":"if","locations":[{"start":{"line":163,"column":4},"end":{"line":165,"column":5}},{"start":{},"end":{}}],"line":163},"16":{"loc":{"start":{"line":163,"column":8},"end":{"line":163,"column":53}},"type":"binary-expr","locations":[{"start":{"line":163,"column":8},"end":{"line":163,"column":29}},{"start":{"line":163,"column":33},"end":{"line":163,"column":53}}],"line":163},"17":{"loc":{"start":{"line":166,"column":4},"end":{"line":168,"column":5}},"type":"if","locations":[{"start":{"line":166,"column":4},"end":{"line":168,"column":5}},{"start":{},"end":{}}],"line":166},"18":{"loc":{"start":{"line":166,"column":8},"end":{"line":166,"column":57}},"type":"binary-expr","locations":[{"start":{"line":166,"column":8},"end":{"line":166,"column":33}},{"start":{"line":166,"column":37},"end":{"line":166,"column":57}}],"line":166},"19":{"loc":{"start":{"line":169,"column":4},"end":{"line":171,"column":5}},"type":"if","locations":[{"start":{"line":169,"column":4},"end":{"line":171,"column":5}},{"start":{},"end":{}}],"line":169},"20":{"loc":{"start":{"line":169,"column":8},"end":{"line":169,"column":58}},"type":"binary-expr","locations":[{"start":{"line":169,"column":8},"end":{"line":169,"column":32}},{"start":{"line":169,"column":36},"end":{"line":169,"column":58}}],"line":169},"21":{"loc":{"start":{"line":188,"column":4},"end":{"line":190,"column":5}},"type":"if","locations":[{"start":{"line":188,"column":4},"end":{"line":190,"column":5}},{"start":{},"end":{}}],"line":188},"22":{"loc":{"start":{"line":188,"column":8},"end":{"line":188,"column":61}},"type":"binary-expr","locations":[{"start":{"line":188,"column":8},"end":{"line":188,"column":34}},{"start":{"line":188,"column":38},"end":{"line":188,"column":61}}],"line":188},"23":{"loc":{"start":{"line":191,"column":4},"end":{"line":194,"column":5}},"type":"if","locations":[{"start":{"line":191,"column":4},"end":{"line":194,"column":5}},{"start":{},"end":{}}],"line":191},"24":{"loc":{"start":{"line":191,"column":8},"end":{"line":192,"column":59}},"type":"binary-expr","locations":[{"start":{"line":191,"column":8},"end":{"line":191,"column":32}},{"start":{"line":191,"column":36},"end":{"line":191,"column":60}},{"start":{"line":192,"column":8},"end":{"line":192,"column":33}},{"start":{"line":192,"column":37},"end":{"line":192,"column":59}}],"line":191},"25":{"loc":{"start":{"line":195,"column":4},"end":{"line":197,"column":5}},"type":"if","locations":[{"start":{"line":195,"column":4},"end":{"line":197,"column":5}},{"start":{},"end":{}}],"line":195},"26":{"loc":{"start":{"line":195,"column":8},"end":{"line":195,"column":60}},"type":"binary-expr","locations":[{"start":{"line":195,"column":8},"end":{"line":195,"column":34}},{"start":{"line":195,"column":38},"end":{"line":195,"column":60}}],"line":195},"27":{"loc":{"start":{"line":224,"column":4},"end":{"line":227,"column":5}},"type":"if","locations":[{"start":{"line":224,"column":4},"end":{"line":227,"column":5}},{"start":{},"end":{}}],"line":224}},"s":{"0":0,"1":0,"2":0,"3":0,"4":0,"5":0,"6":0,"7":0,"8":0,"9":0,"10":0,"11":0,"12":0,"13":0,"14":0,"15":0,"16":0,"17":0,"18":0,"19":0,"20":0,"21":0,"22":0,"23":0,"24":0,"25":0,"26":0,"27":0,"28":0,"29":0,"30":0,"31":0,"32":0,"33":0,"34":0,"35":0,"36":0,"37":0,"38":0,"39":0,"40":0,"41":0,"42":0,"43":0,"44":0,"45":0,"46":0,"47":0,"48":0,"49":0,"50":0,"51":0,"52":0,"53":0,"54":0,"55":0,"56":0,"57":0,"58":0,"59":0,"60":0,"61":0,"62":0,"63":0,"64":0,"65":0,"66":0,"67":0,"68":2},"f":{"0":0,"1":0,"2":0,"3":0,"4":0,"5":0,"6":0,"7":0,"8":0,"9":0,"10":0,"11":0},"b":{"0":[0,0],"1":[0,0],"2":[0,0],"3":[0,0],"4":[0,0],"5":[0,0],"6":[0,0,0,0],"7":[0,0],"8":[0,0,0],"9":[0,0],"10":[0,0],"11":[0,0,0,0,0,0],"12":[0,0],"13":[0,0,0,0],"14":[0,0],"15":[0,0],"16":[0,0],"17":[0,0],"18":[0,0],"19":[0,0],"20":[0,0],"21":[0,0],"22":[0,0],"23":[0,0],"24":[0,0,0,0],"25":[0,0],"26":[0,0],"27":[0,0]},"_coverageSchema":"1a1c01bbd47fc00a2c39e90264f33305004495a9","hash":"1d97266ccf87ab37663db669e6c25148a9eac4b0"}
,"C:\\workspace\\Othello\\src\\orchestrator.js": {"path":"C:\\workspace\\Othello\\src\\orchestrator.js","statementMap":{"0":{"start":{"line":1,"column":11},"end":{"line":1,"column":33}},"1":{"start":{"line":2,"column":13},"end":{"line":2,"column":28}},"2":{"start":{"line":19,"column":4},"end":{"line":19,"column":45}},"3":{"start":{"line":20,"column":4},"end":{"line":20,"column":66}},"4":{"start":{"line":21,"column":4},"end":{"line":21,"column":42}},"5":{"start":{"line":22,"column":4},"end":{"line":22,"column":56}},"6":{"start":{"line":23,"column":4},"end":{"line":23,"column":56}},"7":{"start":{"line":24,"column":4},"end":{"line":24,"column":44}},"8":{"start":{"line":26,"column":4},"end":{"line":26,"column":58}},"9":{"start":{"line":27,"column":4},"end":{"line":30,"column":6}},"10":{"start":{"line":38,"column":28},"end":{"line":38,"column":30}},"11":{"start":{"line":39,"column":28},"end":{"line":39,"column":30}},"12":{"start":{"line":40,"column":26},"end":{"line":40,"column":27}},"13":{"start":{"line":41,"column":21},"end":{"line":41,"column":37}},"14":{"start":{"line":43,"column":4},"end":{"line":103,"column":5}},"15":{"start":{"line":44,"column":6},"end":{"line":83,"column":7}},"16":{"start":{"line":46,"column":29},"end":{"line":46,"column":58}},"17":{"start":{"line":47,"column":8},"end":{"line":47,"column":43}},"18":{"start":{"line":48,"column":8},"end":{"line":48,"column":60}},"19":{"start":{"line":51,"column":8},"end":{"line":54,"column":9}},"20":{"start":{"line":52,"column":10},"end":{"line":52,"column":52}},"21":{"start":{"line":53,"column":10},"end":{"line":53,"column":16}},"22":{"start":{"line":57,"column":29},"end":{"line":57,"column":74}},"23":{"start":{"line":59,"column":8},"end":{"line":62,"column":9}},"24":{"start":{"line":60,"column":10},"end":{"line":60,"column":39}},"25":{"start":{"line":61,"column":10},"end":{"line":61,"column":16}},"26":{"start":{"line":65,"column":26},"end":{"line":65,"column":38}},"27":{"start":{"line":66,"column":8},"end":{"line":68,"column":9}},"28":{"start":{"line":67,"column":10},"end":{"line":67,"column":79}},"29":{"start":{"line":71,"column":32},"end":{"line":78,"column":9}},"30":{"start":{"line":80,"column":8},"end":{"line":80,"column":52}},"31":{"start":{"line":82,"column":8},"end":{"line":82,"column":26}},"32":{"start":{"line":86,"column":28},"end":{"line":86,"column":92}},"33":{"start":{"line":88,"column":6},"end":{"line":94,"column":8}},"34":{"start":{"line":97,"column":6},"end":{"line":102,"column":8}},"35":{"start":{"line":112,"column":56},"end":{"line":112,"column":68}},"36":{"start":{"line":115,"column":4},"end":{"line":117,"column":5}},"37":{"start":{"line":116,"column":6},"end":{"line":116,"column":16}},"38":{"start":{"line":120,"column":25},"end":{"line":120,"column":79}},"39":{"start":{"line":123,"column":4},"end":{"line":126,"column":5}},"40":{"start":{"line":124,"column":30},"end":{"line":124,"column":73}},"41":{"start":{"line":125,"column":6},"end":{"line":125,"column":68}},"42":{"start":{"line":128,"column":4},"end":{"line":128,"column":24}},"43":{"start":{"line":136,"column":21},"end":{"line":136,"column":48}},"44":{"start":{"line":137,"column":24},"end":{"line":137,"column":90}},"45":{"start":{"line":140,"column":4},"end":{"line":140,"column":50}},"46":{"start":{"line":143,"column":4},"end":{"line":143,"column":86}},"47":{"start":{"line":146,"column":26},"end":{"line":146,"column":77}},"48":{"start":{"line":147,"column":24},"end":{"line":147,"column":54}},"49":{"start":{"line":148,"column":28},"end":{"line":148,"column":97}},"50":{"start":{"line":149,"column":27},"end":{"line":149,"column":64}},"51":{"start":{"line":151,"column":4},"end":{"line":151,"column":72}},"52":{"start":{"line":152,"column":4},"end":{"line":152,"column":88}},"53":{"start":{"line":161,"column":4},"end":{"line":163,"column":5}},"54":{"start":{"line":162,"column":6},"end":{"line":162,"column":18}},"55":{"start":{"line":165,"column":27},"end":{"line":165,"column":70}},"56":{"start":{"line":166,"column":29},"end":{"line":166,"column":72}},"57":{"start":{"line":169,"column":4},"end":{"line":171,"column":5}},"58":{"start":{"line":170,"column":6},"end":{"line":170,"column":19}},"59":{"start":{"line":174,"column":27},"end":{"line":174,"column":82}},"60":{"start":{"line":177,"column":4},"end":{"line":179,"column":5}},"61":{"start":{"line":178,"column":6},"end":{"line":178,"column":19}},"62":{"start":{"line":181,"column":4},"end":{"line":181,"column":16}},"63":{"start":{"line":185,"column":0},"end":{"line":185,"column":30}}},"fnMap":{"0":{"name":"(anonymous_0)","decl":{"start":{"line":18,"column":2},"end":{"line":18,"column":3}},"loc":{"start":{"line":18,"column":28},"end":{"line":31,"column":3}},"line":18},"1":{"name":"(anonymous_1)","decl":{"start":{"line":37,"column":2},"end":{"line":37,"column":3}},"loc":{"start":{"line":37,"column":18},"end":{"line":104,"column":3}},"line":37},"2":{"name":"(anonymous_2)","decl":{"start":{"line":111,"column":2},"end":{"line":111,"column":3}},"loc":{"start":{"line":111,"column":43},"end":{"line":129,"column":3}},"line":111},"3":{"name":"(anonymous_3)","decl":{"start":{"line":135,"column":2},"end":{"line":135,"column":3}},"loc":{"start":{"line":135,"column":41},"end":{"line":153,"column":3}},"line":135},"4":{"name":"(anonymous_4)","decl":{"start":{"line":160,"column":2},"end":{"line":160,"column":3}},"loc":{"start":{"line":160,"column":34},"end":{"line":182,"column":3}},"line":160}},"branchMap":{"0":{"loc":{"start":{"line":26,"column":25},"end":{"line":26,"column":57}},"type":"binary-expr","locations":[{"start":{"line":26,"column":25},"end":{"line":26,"column":51}},{"start":{"line":26,"column":55},"end":{"line":26,"column":57}}],"line":26},"1":{"loc":{"start":{"line":27,"column":29},"end":{"line":30,"column":5}},"type":"binary-expr","locations":[{"start":{"line":27,"column":29},"end":{"line":27,"column":59}},{"start":{"line":27,"column":63},"end":{"line":30,"column":5}}],"line":27},"2":{"loc":{"start":{"line":51,"column":8},"end":{"line":54,"column":9}},"type":"if","locations":[{"start":{"line":51,"column":8},"end":{"line":54,"column":9}},{"start":{},"end":{}}],"line":51},"3":{"loc":{"start":{"line":51,"column":12},"end":{"line":51,"column":72}},"type":"binary-expr","locations":[{"start":{"line":51,"column":12},"end":{"line":51,"column":31}},{"start":{"line":51,"column":35},"end":{"line":51,"column":72}}],"line":51},"4":{"loc":{"start":{"line":59,"column":8},"end":{"line":62,"column":9}},"type":"if","locations":[{"start":{"line":59,"column":8},"end":{"line":62,"column":9}},{"start":{},"end":{}}],"line":59},"5":{"loc":{"start":{"line":66,"column":8},"end":{"line":68,"column":9}},"type":"if","locations":[{"start":{"line":66,"column":8},"end":{"line":68,"column":9}},{"start":{},"end":{}}],"line":66},"6":{"loc":{"start":{"line":66,"column":12},"end":{"line":66,"column":70}},"type":"binary-expr","locations":[{"start":{"line":66,"column":12},"end":{"line":66,"column":32}},{"start":{"line":66,"column":36},"end":{"line":66,"column":70}}],"line":66},"7":{"loc":{"start":{"line":86,"column":28},"end":{"line":86,"column":92}},"type":"binary-expr","locations":[{"start":{"line":86,"column":28},"end":{"line":86,"column":71}},{"start":{"line":86,"column":75},"end":{"line":86,"column":92}}],"line":86},"8":{"loc":{"start":{"line":112,"column":12},"end":{"line":112,"column":51}},"type":"default-arg","locations":[{"start":{"line":112,"column":24},"end":{"line":112,"column":51}}],"line":112},"9":{"loc":{"start":{"line":115,"column":4},"end":{"line":117,"column":5}},"type":"if","locations":[{"start":{"line":115,"column":4},"end":{"line":117,"column":5}},{"start":{},"end":{}}],"line":115},"10":{"loc":{"start":{"line":115,"column":8},"end":{"line":115,"column":71}},"type":"binary-expr","locations":[{"start":{"line":115,"column":8},"end":{"line":115,"column":36}},{"start":{"line":115,"column":40},"end":{"line":115,"column":71}}],"line":115},"11":{"loc":{"start":{"line":123,"column":4},"end":{"line":126,"column":5}},"type":"if","locations":[{"start":{"line":123,"column":4},"end":{"line":126,"column":5}},{"start":{},"end":{}}],"line":123},"12":{"loc":{"start":{"line":123,"column":8},"end":{"line":123,"column":49}},"type":"binary-expr","locations":[{"start":{"line":123,"column":8},"end":{"line":123,"column":22}},{"start":{"line":123,"column":26},"end":{"line":123,"column":49}}],"line":123},"13":{"loc":{"start":{"line":125,"column":13},"end":{"line":125,"column":67}},"type":"binary-expr","locations":[{"start":{"line":125,"column":13},"end":{"line":125,"column":51}},{"start":{"line":125,"column":55},"end":{"line":125,"column":67}}],"line":125},"14":{"loc":{"start":{"line":161,"column":4},"end":{"line":163,"column":5}},"type":"if","locations":[{"start":{"line":161,"column":4},"end":{"line":163,"column":5}},{"start":{},"end":{}}],"line":161},"15":{"loc":{"start":{"line":169,"column":4},"end":{"line":171,"column":5}},"type":"if","locations":[{"start":{"line":169,"column":4},"end":{"line":171,"column":5}},{"start":{},"end":{}}],"line":169},"16":{"loc":{"start":{"line":177,"column":4},"end":{"line":179,"column":5}},"type":"if","locations":[{"start":{"line":177,"column":4},"end":{"line":179,"column":5}},{"start":{},"end":{}}],"line":177},"17":{"loc":{"start":{"line":177,"column":8},"end":{"line":177,"column":72}},"type":"binary-expr","locations":[{"start":{"line":177,"column":8},"end":{"line":177,"column":53}},{"start":{"line":177,"column":57},"end":{"line":177,"column":72}}],"line":177}},"s":{"0":1,"1":1,"2":16,"3":16,"4":16,"5":16,"6":16,"7":16,"8":16,"9":16,"10":5,"11":5,"12":5,"13":5,"14":5,"15":5,"16":16,"17":16,"18":16,"19":16,"20":4,"21":4,"22":12,"23":12,"24":0,"25":0,"26":12,"27":12,"28":1,"29":11,"30":11,"31":11,"32":4,"33":4,"34":1,"35":14,"36":14,"37":1,"38":13,"39":13,"40":0,"41":0,"42":13,"43":13,"44":13,"45":13,"46":13,"47":13,"48":13,"49":13,"50":13,"51":13,"52":13,"53":14,"54":0,"55":14,"56":14,"57":14,"58":4,"59":10,"60":10,"61":2,"62":8,"63":1},"f":{"0":16,"1":5,"2":14,"3":13,"4":14},"b":{"0":[16,1],"1":[16,15],"2":[4,12],"3":[16,11],"4":[0,12],"5":[1,11],"6":[12,1],"7":[4,0],"8":[0],"9":[1,13],"10":[14,1],"11":[0,13],"12":[13,0],"13":[0,0],"14":[0,14],"15":[4,10],"16":[2,8],"17":[10,10]},"_coverageSchema":"1a1c01bbd47fc00a2c39e90264f33305004495a9","hash":"080f98e363bf0f20e1b0dfc4698efe6634f86e02"}
,"C:\\workspace\\Othello\\src\\result-collector.js": {"path":"C:\\workspace\\Othello\\src\\result-collector.js","statementMap":{"0":{"start":{"line":6,"column":11},"end":{"line":6,"column":33}},"1":{"start":{"line":7,"column":13},"end":{"line":7,"column":28}},"2":{"start":{"line":8,"column":24},"end":{"line":8,"column":67}},"3":{"start":{"line":12,"column":4},"end":{"line":12,"column":25}},"4":{"start":{"line":22,"column":22},"end":{"line":26,"column":5}},"5":{"start":{"line":28,"column":4},"end":{"line":28,"column":21}},"6":{"start":{"line":38,"column":4},"end":{"line":38,"column":55}},"7":{"start":{"line":41,"column":4},"end":{"line":41,"column":72}},"8":{"start":{"line":52,"column":4},"end":{"line":52,"column":55}},"9":{"start":{"line":54,"column":18},"end":{"line":54,"column":70}},"10":{"start":{"line":56,"column":4},"end":{"line":62,"column":5}},"11":{"start":{"line":58,"column":6},"end":{"line":60,"column":7}},"12":{"start":{"line":59,"column":8},"end":{"line":59,"column":45}},"13":{"start":{"line":61,"column":6},"end":{"line":61,"column":13}},"14":{"start":{"line":65,"column":20},"end":{"line":75,"column":6}},"15":{"start":{"line":66,"column":6},"end":{"line":74,"column":8}},"16":{"start":{"line":77,"column":4},"end":{"line":83,"column":5}},"17":{"start":{"line":79,"column":6},"end":{"line":79,"column":47}},"18":{"start":{"line":82,"column":6},"end":{"line":82,"column":46}},"19":{"start":{"line":91,"column":22},"end":{"line":103,"column":6}},"20":{"start":{"line":105,"column":4},"end":{"line":105,"column":42}},"21":{"start":{"line":108,"column":4},"end":{"line":108,"column":33}},"22":{"start":{"line":116,"column":22},"end":{"line":129,"column":6}},"23":{"start":{"line":131,"column":4},"end":{"line":131,"column":42}},"24":{"start":{"line":139,"column":16},"end":{"line":139,"column":24}},"25":{"start":{"line":140,"column":19},"end":{"line":140,"column":54}},"26":{"start":{"line":141,"column":4},"end":{"line":141,"column":55}},"27":{"start":{"line":149,"column":20},"end":{"line":149,"column":55}},"28":{"start":{"line":150,"column":4},"end":{"line":152,"column":5}},"29":{"start":{"line":151,"column":6},"end":{"line":151,"column":63}},"30":{"start":{"line":160,"column":4},"end":{"line":162,"column":5}},"31":{"start":{"line":161,"column":6},"end":{"line":161,"column":27}},"32":{"start":{"line":165,"column":18},"end":{"line":165,"column":43}},"33":{"start":{"line":168,"column":4},"end":{"line":170,"column":5}},"34":{"start":{"line":169,"column":6},"end":{"line":169,"column":31}},"35":{"start":{"line":172,"column":4},"end":{"line":172,"column":19}},"36":{"start":{"line":180,"column":4},"end":{"line":187,"column":5}},"37":{"start":{"line":181,"column":6},"end":{"line":181,"column":51}},"38":{"start":{"line":184,"column":6},"end":{"line":186,"column":7}},"39":{"start":{"line":185,"column":8},"end":{"line":185,"column":20}},"40":{"start":{"line":191,"column":0},"end":{"line":191,"column":33}}},"fnMap":{"0":{"name":"(anonymous_0)","decl":{"start":{"line":11,"column":2},"end":{"line":11,"column":3}},"loc":{"start":{"line":11,"column":22},"end":{"line":13,"column":3}},"line":11},"1":{"name":"(anonymous_1)","decl":{"start":{"line":20,"column":2},"end":{"line":20,"column":3}},"loc":{"start":{"line":20,"column":34},"end":{"line":29,"column":3}},"line":20},"2":{"name":"(anonymous_2)","decl":{"start":{"line":36,"column":2},"end":{"line":36,"column":3}},"loc":{"start":{"line":36,"column":33},"end":{"line":42,"column":3}},"line":36},"3":{"name":"(anonymous_3)","decl":{"start":{"line":50,"column":2},"end":{"line":50,"column":3}},"loc":{"start":{"line":50,"column":46},"end":{"line":84,"column":3}},"line":50},"4":{"name":"(anonymous_4)","decl":{"start":{"line":65,"column":30},"end":{"line":65,"column":31}},"loc":{"start":{"line":65,"column":47},"end":{"line":75,"column":5}},"line":65},"5":{"name":"(anonymous_5)","decl":{"start":{"line":90,"column":2},"end":{"line":90,"column":3}},"loc":{"start":{"line":90,"column":37},"end":{"line":109,"column":3}},"line":90},"6":{"name":"(anonymous_6)","decl":{"start":{"line":115,"column":2},"end":{"line":115,"column":3}},"loc":{"start":{"line":115,"column":38},"end":{"line":132,"column":3}},"line":115},"7":{"name":"(anonymous_7)","decl":{"start":{"line":138,"column":2},"end":{"line":138,"column":3}},"loc":{"start":{"line":138,"column":34},"end":{"line":142,"column":3}},"line":138},"8":{"name":"(anonymous_8)","decl":{"start":{"line":148,"column":2},"end":{"line":148,"column":3}},"loc":{"start":{"line":148,"column":26},"end":{"line":153,"column":3}},"line":148},"9":{"name":"(anonymous_9)","decl":{"start":{"line":159,"column":2},"end":{"line":159,"column":3}},"loc":{"start":{"line":159,"column":20},"end":{"line":173,"column":3}},"line":159},"10":{"name":"(anonymous_10)","decl":{"start":{"line":179,"column":2},"end":{"line":179,"column":3}},"loc":{"start":{"line":179,"column":33},"end":{"line":188,"column":3}},"line":179}},"branchMap":{"0":{"loc":{"start":{"line":25,"column":14},"end":{"line":25,"column":88}},"type":"cond-expr","locations":[{"start":{"line":25,"column":53},"end":{"line":25,"column":62}},{"start":{"line":25,"column":65},"end":{"line":25,"column":88}}],"line":25},"1":{"loc":{"start":{"line":50,"column":32},"end":{"line":50,"column":44}},"type":"default-arg","locations":[{"start":{"line":50,"column":42},"end":{"line":50,"column":44}}],"line":50},"2":{"loc":{"start":{"line":54,"column":18},"end":{"line":54,"column":70}},"type":"binary-expr","locations":[{"start":{"line":54,"column":18},"end":{"line":54,"column":64}},{"start":{"line":54,"column":68},"end":{"line":54,"column":70}}],"line":54},"3":{"loc":{"start":{"line":56,"column":4},"end":{"line":62,"column":5}},"type":"if","locations":[{"start":{"line":56,"column":4},"end":{"line":62,"column":5}},{"start":{},"end":{}}],"line":56},"4":{"loc":{"start":{"line":58,"column":6},"end":{"line":60,"column":7}},"type":"if","locations":[{"start":{"line":58,"column":6},"end":{"line":60,"column":7}},{"start":{},"end":{}}],"line":58},"5":{"loc":{"start":{"line":69,"column":16},"end":{"line":69,"column":54}},"type":"cond-expr","locations":[{"start":{"line":69,"column":43},"end":{"line":69,"column":47}},{"start":{"line":69,"column":50},"end":{"line":69,"column":54}}],"line":69},"6":{"loc":{"start":{"line":70,"column":16},"end":{"line":70,"column":84}},"type":"cond-expr","locations":[{"start":{"line":70,"column":48},"end":{"line":70,"column":79}},{"start":{"line":70,"column":82},"end":{"line":70,"column":84}}],"line":70},"7":{"loc":{"start":{"line":70,"column":16},"end":{"line":70,"column":45}},"type":"binary-expr","locations":[{"start":{"line":70,"column":16},"end":{"line":70,"column":27}},{"start":{"line":70,"column":31},"end":{"line":70,"column":45}}],"line":70},"8":{"loc":{"start":{"line":71,"column":16},"end":{"line":71,"column":84}},"type":"cond-expr","locations":[{"start":{"line":71,"column":48},"end":{"line":71,"column":79}},{"start":{"line":71,"column":82},"end":{"line":71,"column":84}}],"line":71},"9":{"loc":{"start":{"line":71,"column":16},"end":{"line":71,"column":45}},"type":"binary-expr","locations":[{"start":{"line":71,"column":16},"end":{"line":71,"column":27}},{"start":{"line":71,"column":31},"end":{"line":71,"column":45}}],"line":71},"10":{"loc":{"start":{"line":72,"column":16},"end":{"line":72,"column":84}},"type":"cond-expr","locations":[{"start":{"line":72,"column":48},"end":{"line":72,"column":79}},{"start":{"line":72,"column":82},"end":{"line":72,"column":84}}],"line":72},"11":{"loc":{"start":{"line":72,"column":16},"end":{"line":72,"column":45}},"type":"binary-expr","locations":[{"start":{"line":72,"column":16},"end":{"line":72,"column":27}},{"start":{"line":72,"column":31},"end":{"line":72,"column":45}}],"line":72},"12":{"loc":{"start":{"line":77,"column":4},"end":{"line":83,"column":5}},"type":"if","locations":[{"start":{"line":77,"column":4},"end":{"line":83,"column":5}},{"start":{"line":80,"column":11},"end":{"line":83,"column":5}}],"line":77},"13":{"loc":{"start":{"line":150,"column":4},"end":{"line":152,"column":5}},"type":"if","locations":[{"start":{"line":150,"column":4},"end":{"line":152,"column":5}},{"start":{},"end":{}}],"line":150},"14":{"loc":{"start":{"line":160,"column":4},"end":{"line":162,"column":5}},"type":"if","locations":[{"start":{"line":160,"column":4},"end":{"line":162,"column":5}},{"start":{},"end":{}}],"line":160},"15":{"loc":{"start":{"line":168,"column":4},"end":{"line":170,"column":5}},"type":"if","locations":[{"start":{"line":168,"column":4},"end":{"line":170,"column":5}},{"start":{},"end":{}}],"line":168},"16":{"loc":{"start":{"line":168,"column":8},"end":{"line":168,"column":80}},"type":"binary-expr","locations":[{"start":{"line":168,"column":8},"end":{"line":168,"column":29}},{"start":{"line":168,"column":33},"end":{"line":168,"column":55}},{"start":{"line":168,"column":59},"end":{"line":168,"column":80}}],"line":168},"17":{"loc":{"start":{"line":184,"column":6},"end":{"line":186,"column":7}},"type":"if","locations":[{"start":{"line":184,"column":6},"end":{"line":186,"column":7}},{"start":{},"end":{}}],"line":184}},"s":{"0":2,"1":2,"2":2,"3":12,"4":2,"5":2,"6":2,"7":2,"8":7,"9":7,"10":7,"11":0,"12":0,"13":0,"14":7,"15":9,"16":7,"17":1,"18":6,"19":6,"20":6,"21":6,"22":1,"23":1,"24":0,"25":0,"26":0,"27":6,"28":6,"29":6,"30":14,"31":0,"32":14,"33":14,"34":2,"35":14,"36":12,"37":12,"38":0,"39":0,"40":2},"f":{"0":12,"1":2,"2":2,"3":7,"4":9,"5":6,"6":1,"7":0,"8":6,"9":14,"10":12},"b":{"0":[1,1],"1":[6],"2":[7,0],"3":[0,7],"4":[0,0],"5":[8,1],"6":[2,7],"7":[9,9],"8":[2,7],"9":[9,9],"10":[1,8],"11":[9,9],"12":[1,6],"13":[6,0],"14":[0,14],"15":[2,12],"16":[14,13,13],"17":[0,0]},"_coverageSchema":"1a1c01bbd47fc00a2c39e90264f33305004495a9","hash":"249d0ecc28274bf644c81ca9dac12c7a29168943"}
}
