TN:
SF:src\analyzer.js
FN:12,(anonymous_0)
FN:20,(anonymous_1)
FN:76,(anonymous_2)
FN:82,(anonymous_3)
FN:85,(anonymous_4)
FN:99,(anonymous_5)
FN:111,(anonymous_6)
FN:121,(anonymous_7)
FN:134,(anonymous_8)
FN:161,(anonymous_9)
FN:189,(anonymous_10)
FN:213,(anonymous_11)
FN:231,(anonymous_12)
FN:248,(anonymous_13)
FN:262,(anonymous_14)
FN:275,(anonymous_15)
FNF:16
FNH:16
FNDA:19,(anonymous_0)
FNDA:3,(anonymous_1)
FNDA:6,(anonymous_2)
FNDA:10,(anonymous_3)
FNDA:10,(anonymous_4)
FNDA:10,(anonymous_5)
FNDA:7,(anonymous_6)
FNDA:16,(anonymous_7)
FNDA:7,(anonymous_8)
FNDA:5,(anonymous_9)
FNDA:5,(anonymous_10)
FNDA:4,(anonymous_11)
FNDA:3,(anonymous_12)
FNDA:3,(anonymous_13)
FNDA:3,(anonymous_14)
FNDA:2,(anonymous_15)
DA:1,2
DA:2,2
DA:13,19
DA:21,3
DA:23,3
DA:25,3
DA:26,1
DA:30,2
DA:31,2
DA:34,2
DA:35,2
DA:38,2
DA:46,2
DA:47,2
DA:49,2
DA:67,0
DA:68,0
DA:77,6
DA:79,6
DA:81,6
DA:82,10
DA:85,5
DA:86,10
DA:87,10
DA:88,10
DA:89,10
DA:91,1
DA:92,1
DA:96,5
DA:99,10
DA:101,1
DA:102,1
DA:112,7
DA:114,7
DA:115,17
DA:116,0
DA:119,17
DA:120,14
DA:121,16
DA:126,7
DA:135,7
DA:137,7
DA:138,15
DA:139,0
DA:142,15
DA:144,13
DA:145,4
DA:146,9
DA:148,5
DA:153,7
DA:163,5
DA:170,5
DA:171,9
DA:172,9
DA:173,5
DA:178,0
DA:192,5
DA:193,5
DA:195,5
DA:196,1
DA:199,4
DA:200,4
DA:202,4
DA:204,4
DA:214,4
DA:217,4
DA:218,4
DA:219,5
DA:222,4
DA:232,3
DA:235,3
DA:236,3
DA:237,5
DA:240,3
DA:251,3
DA:252,3
DA:254,3
DA:265,3
DA:266,3
DA:268,3
DA:276,2
DA:296,2
LF:82
LH:77
BRDA:25,0,0,1
BRDA:25,0,1,2
BRDA:115,1,0,0
BRDA:115,1,1,17
BRDA:115,2,0,17
BRDA:115,2,1,17
BRDA:120,3,0,14
BRDA:120,3,1,0
BRDA:138,4,0,0
BRDA:138,4,1,15
BRDA:138,5,0,15
BRDA:138,5,1,15
BRDA:144,6,0,4
BRDA:144,6,1,9
BRDA:146,7,0,5
BRDA:146,7,1,4
BRDA:172,8,0,5
BRDA:172,8,1,4
BRDA:172,9,0,9
BRDA:172,9,1,5
BRDA:195,10,0,1
BRDA:195,10,1,4
BRDA:195,11,0,5
BRDA:195,11,1,1
BRDA:199,12,0,4
BRDA:199,12,1,0
BRDA:200,13,0,3
BRDA:200,13,1,1
BRF:28
BRH:24
end_of_record
TN:
SF:src\config.js
FN:10,(anonymous_0)
FN:20,(anonymous_1)
FN:41,(anonymous_2)
FN:74,(anonymous_3)
FN:78,(anonymous_4)
FN:86,(anonymous_5)
FN:102,(anonymous_6)
FN:110,(anonymous_7)
FN:122,(anonymous_8)
FN:134,(anonymous_9)
FN:144,(anonymous_10)
FNF:11
FNH:8
FNDA:18,(anonymous_0)
FNDA:21,(anonymous_1)
FNDA:18,(anonymous_2)
FNDA:0,(anonymous_3)
FNDA:0,(anonymous_4)
FNDA:0,(anonymous_5)
FNDA:2,(anonymous_6)
FNDA:2,(anonymous_7)
FNDA:2,(anonymous_8)
FNDA:32,(anonymous_9)
FNDA:7,(anonymous_10)
DA:1,5
DA:2,5
DA:3,5
DA:11,18
DA:12,18
DA:21,21
DA:22,21
DA:23,21
DA:24,19
DA:25,18
DA:27,4
DA:28,2
DA:30,2
DA:31,1
DA:33,1
DA:42,18
DA:44,18
DA:45,70
DA:46,1
DA:51,17
DA:52,0
DA:55,17
DA:56,17
DA:57,68
DA:58,0
DA:63,17
DA:64,7
DA:65,7
DA:75,0
DA:76,0
DA:78,0
DA:87,0
DA:88,0
DA:89,0
DA:92,0
DA:103,2
DA:111,2
DA:123,2
DA:135,32
DA:145,7
DA:149,5
LF:41
LH:32
BRDA:27,0,0,2
BRDA:27,0,1,2
BRDA:30,1,0,1
BRDA:30,1,1,1
BRDA:45,2,0,1
BRDA:45,2,1,69
BRDA:51,3,0,0
BRDA:51,3,1,17
BRDA:57,4,0,0
BRDA:57,4,1,68
BRDA:63,5,0,7
BRDA:63,5,1,10
BRDA:75,6,0,0
BRDA:75,6,1,0
BRDA:88,7,0,0
BRDA:88,7,1,0
BRDA:88,8,0,0
BRDA:88,8,1,0
BRDA:93,9,0,0
BRDA:93,9,1,0
BRDA:94,10,0,0
BRDA:94,10,1,0
BRDA:103,11,0,2
BRDA:103,11,1,0
BRDA:111,12,0,2
BRDA:111,12,1,1
BRDA:123,13,0,2
BRDA:123,13,1,1
BRDA:135,14,0,32
BRDA:135,14,1,1
BRDA:144,15,0,6
BRDA:145,16,0,5
BRDA:145,16,1,2
BRF:33
BRH:20
end_of_record
TN:
SF:src\instruction-generator.js
FN:7,(anonymous_0)
FN:18,(anonymous_1)
FN:51,(anonymous_2)
FN:73,(anonymous_3)
FN:96,(anonymous_4)
FN:135,(anonymous_5)
FN:145,(anonymous_6)
FN:155,(anonymous_7)
FN:181,(anonymous_8)
FN:207,(anonymous_9)
FN:209,(anonymous_10)
FN:219,(anonymous_11)
FNF:12
FNH:0
FNDA:0,(anonymous_0)
FNDA:0,(anonymous_1)
FNDA:0,(anonymous_2)
FNDA:0,(anonymous_3)
FNDA:0,(anonymous_4)
FNDA:0,(anonymous_5)
FNDA:0,(anonymous_6)
FNDA:0,(anonymous_7)
FNDA:0,(anonymous_8)
FNDA:0,(anonymous_9)
FNDA:0,(anonymous_10)
FNDA:0,(anonymous_11)
DA:8,0
DA:9,0
DA:19,0
DA:22,0
DA:23,0
DA:24,0
DA:28,0
DA:29,0
DA:30,0
DA:34,0
DA:36,0
DA:43,0
DA:52,0
DA:53,0
DA:55,0
DA:56,0
DA:57,0
DA:65,0
DA:74,0
DA:75,0
DA:77,0
DA:78,0
DA:79,0
DA:87,0
DA:100,0
DA:101,0
DA:103,0
DA:104,0
DA:107,0
DA:108,0
DA:110,0
DA:111,0
DA:112,0
DA:114,0
DA:117,0
DA:120,0
DA:122,0
DA:124,0
DA:127,0
DA:136,0
DA:146,0
DA:156,0
DA:162,0
DA:163,0
DA:164,0
DA:166,0
DA:167,0
DA:169,0
DA:170,0
DA:173,0
DA:182,0
DA:187,0
DA:188,0
DA:189,0
DA:191,0
DA:193,0
DA:195,0
DA:196,0
DA:199,0
DA:208,0
DA:209,0
DA:210,0
DA:222,0
DA:224,0
DA:226,0
DA:234,0
DA:238,2
LF:67
LH:1
BRDA:22,0,0,0
BRDA:22,0,1,0
BRDA:22,1,0,0
BRDA:22,1,1,0
BRDA:28,2,0,0
BRDA:28,2,1,0
BRDA:28,3,0,0
BRDA:28,3,1,0
BRDA:100,4,0,0
BRDA:100,4,1,0
BRDA:103,5,0,0
BRDA:103,5,1,0
BRDA:103,6,0,0
BRDA:103,6,1,0
BRDA:103,6,2,0
BRDA:103,6,3,0
BRDA:107,7,0,0
BRDA:107,7,1,0
BRDA:107,8,0,0
BRDA:107,8,1,0
BRDA:107,8,2,0
BRDA:111,9,0,0
BRDA:111,9,1,0
BRDA:114,10,0,0
BRDA:114,10,1,0
BRDA:114,11,0,0
BRDA:114,11,1,0
BRDA:114,11,2,0
BRDA:114,11,3,0
BRDA:114,11,4,0
BRDA:114,11,5,0
BRDA:120,12,0,0
BRDA:120,12,1,0
BRDA:120,13,0,0
BRDA:120,13,1,0
BRDA:120,13,2,0
BRDA:120,13,3,0
BRDA:136,14,0,0
BRDA:136,14,1,0
BRDA:163,15,0,0
BRDA:163,15,1,0
BRDA:163,16,0,0
BRDA:163,16,1,0
BRDA:166,17,0,0
BRDA:166,17,1,0
BRDA:166,18,0,0
BRDA:166,18,1,0
BRDA:169,19,0,0
BRDA:169,19,1,0
BRDA:169,20,0,0
BRDA:169,20,1,0
BRDA:188,21,0,0
BRDA:188,21,1,0
BRDA:188,22,0,0
BRDA:188,22,1,0
BRDA:191,23,0,0
BRDA:191,23,1,0
BRDA:191,24,0,0
BRDA:191,24,1,0
BRDA:191,24,2,0
BRDA:191,24,3,0
BRDA:195,25,0,0
BRDA:195,25,1,0
BRDA:195,26,0,0
BRDA:195,26,1,0
BRDA:224,27,0,0
BRDA:224,27,1,0
BRF:67
BRH:0
end_of_record
TN:
SF:src\orchestrator.js
FN:18,(anonymous_0)
FN:37,(anonymous_1)
FN:111,(anonymous_2)
FN:135,(anonymous_3)
FN:160,(anonymous_4)
FNF:5
FNH:5
FNDA:16,(anonymous_0)
FNDA:5,(anonymous_1)
FNDA:14,(anonymous_2)
FNDA:13,(anonymous_3)
FNDA:14,(anonymous_4)
DA:1,1
DA:2,1
DA:19,16
DA:20,16
DA:21,16
DA:22,16
DA:23,16
DA:24,16
DA:26,16
DA:27,16
DA:38,5
DA:39,5
DA:40,5
DA:41,5
DA:43,5
DA:44,5
DA:46,16
DA:47,16
DA:48,16
DA:51,16
DA:52,4
DA:53,4
DA:57,12
DA:59,12
DA:60,0
DA:61,0
DA:65,12
DA:66,12
DA:67,1
DA:71,11
DA:80,11
DA:82,11
DA:86,4
DA:88,4
DA:97,1
DA:112,14
DA:115,14
DA:116,1
DA:120,13
DA:123,13
DA:124,0
DA:125,0
DA:128,13
DA:136,13
DA:137,13
DA:140,13
DA:143,13
DA:146,13
DA:147,13
DA:148,13
DA:149,13
DA:151,13
DA:152,13
DA:161,14
DA:162,0
DA:165,14
DA:166,14
DA:169,14
DA:170,4
DA:174,10
DA:177,10
DA:178,2
DA:181,8
DA:185,1
LF:64
LH:59
BRDA:26,0,0,16
BRDA:26,0,1,1
BRDA:27,1,0,16
BRDA:27,1,1,15
BRDA:51,2,0,4
BRDA:51,2,1,12
BRDA:51,3,0,16
BRDA:51,3,1,11
BRDA:59,4,0,0
BRDA:59,4,1,12
BRDA:66,5,0,1
BRDA:66,5,1,11
BRDA:66,6,0,12
BRDA:66,6,1,1
BRDA:86,7,0,4
BRDA:86,7,1,0
BRDA:112,8,0,0
BRDA:115,9,0,1
BRDA:115,9,1,13
BRDA:115,10,0,14
BRDA:115,10,1,1
BRDA:123,11,0,0
BRDA:123,11,1,13
BRDA:123,12,0,13
BRDA:123,12,1,0
BRDA:125,13,0,0
BRDA:125,13,1,0
BRDA:161,14,0,0
BRDA:161,14,1,14
BRDA:169,15,0,4
BRDA:169,15,1,10
BRDA:177,16,0,2
BRDA:177,16,1,8
BRDA:177,17,0,10
BRDA:177,17,1,10
BRF:35
BRH:27
end_of_record
TN:
SF:src\result-collector.js
FN:11,(anonymous_0)
FN:20,(anonymous_1)
FN:36,(anonymous_2)
FN:50,(anonymous_3)
FN:65,(anonymous_4)
FN:90,(anonymous_5)
FN:115,(anonymous_6)
FN:138,(anonymous_7)
FN:148,(anonymous_8)
FN:159,(anonymous_9)
FN:179,(anonymous_10)
FNF:11
FNH:10
FNDA:12,(anonymous_0)
FNDA:2,(anonymous_1)
FNDA:2,(anonymous_2)
FNDA:7,(anonymous_3)
FNDA:9,(anonymous_4)
FNDA:6,(anonymous_5)
FNDA:1,(anonymous_6)
FNDA:0,(anonymous_7)
FNDA:6,(anonymous_8)
FNDA:14,(anonymous_9)
FNDA:12,(anonymous_10)
DA:6,2
DA:7,2
DA:8,2
DA:12,12
DA:22,2
DA:28,2
DA:38,2
DA:41,2
DA:52,7
DA:54,7
DA:56,7
DA:58,0
DA:59,0
DA:61,0
DA:65,7
DA:66,9
DA:77,7
DA:79,1
DA:82,6
DA:91,6
DA:105,6
DA:108,6
DA:116,1
DA:131,1
DA:139,0
DA:140,0
DA:141,0
DA:149,6
DA:150,6
DA:151,6
DA:160,14
DA:161,0
DA:165,14
DA:168,14
DA:169,2
DA:172,14
DA:180,12
DA:181,12
DA:184,0
DA:185,0
DA:191,2
LF:41
LH:32
BRDA:25,0,0,1
BRDA:25,0,1,1
BRDA:50,1,0,6
BRDA:54,2,0,7
BRDA:54,2,1,0
BRDA:56,3,0,0
BRDA:56,3,1,7
BRDA:58,4,0,0
BRDA:58,4,1,0
BRDA:69,5,0,8
BRDA:69,5,1,1
BRDA:70,6,0,2
BRDA:70,6,1,7
BRDA:70,7,0,9
BRDA:70,7,1,9
BRDA:71,8,0,2
BRDA:71,8,1,7
BRDA:71,9,0,9
BRDA:71,9,1,9
BRDA:72,10,0,1
BRDA:72,10,1,8
BRDA:72,11,0,9
BRDA:72,11,1,9
BRDA:77,12,0,1
BRDA:77,12,1,6
BRDA:150,13,0,6
BRDA:150,13,1,0
BRDA:160,14,0,0
BRDA:160,14,1,14
BRDA:168,15,0,2
BRDA:168,15,1,12
BRDA:168,16,0,14
BRDA:168,16,1,13
BRDA:168,16,2,13
BRDA:184,17,0,0
BRDA:184,17,1,0
BRF:36
BRH:28
end_of_record
